<?xml version="1.0" encoding="UTF-8"?>
<coverage generated="1677412024453" clover="3.2.0">
  <project timestamp="1677412024453" name="All files">
    <metrics statements="380" coveredstatements="378" conditionals="74" coveredconditionals="74" methods="29" coveredmethods="28" elements="483" coveredelements="480" complexity="0" loc="380" ncloc="380" packages="1" files="2" classes="2"/>
    <file name="index.js" path="C:\Users\smile\git\ref-central\index.js">
      <metrics statements="329" coveredstatements="329" conditionals="65" coveredconditionals="65" methods="23" coveredmethods="23"/>
      <line num="1" count="2" type="cond" truecount="1" falsecount="0"/>
      <line num="2" count="2" type="stmt"/>
      <line num="3" count="2" type="stmt"/>
      <line num="4" count="2" type="stmt"/>
      <line num="5" count="2" type="stmt"/>
      <line num="6" count="2" type="stmt"/>
      <line num="7" count="2" type="stmt"/>
      <line num="8" count="2" type="stmt"/>
      <line num="9" count="2" type="stmt"/>
      <line num="10" count="2" type="stmt"/>
      <line num="11" count="2" type="stmt"/>
      <line num="12" count="2" type="stmt"/>
      <line num="13" count="2" type="stmt"/>
      <line num="14" count="2" type="stmt"/>
      <line num="15" count="2" type="stmt"/>
      <line num="16" count="2" type="stmt"/>
      <line num="17" count="2" type="cond" truecount="1" falsecount="0"/>
      <line num="18" count="500104" type="cond" truecount="1" falsecount="0"/>
      <line num="19" count="500102" type="stmt"/>
      <line num="20" count="500102" type="stmt"/>
      <line num="21" count="2" type="cond" truecount="1" falsecount="0"/>
      <line num="22" count="2" type="stmt"/>
      <line num="23" count="2" type="stmt"/>
      <line num="24" count="2" type="stmt"/>
      <line num="25" count="2" type="stmt"/>
      <line num="26" count="2" type="stmt"/>
      <line num="27" count="2" type="stmt"/>
      <line num="28" count="2" type="stmt"/>
      <line num="29" count="2" type="stmt"/>
      <line num="30" count="2" type="stmt"/>
      <line num="31" count="2" type="stmt"/>
      <line num="32" count="2" type="stmt"/>
      <line num="33" count="2" type="stmt"/>
      <line num="34" count="2" type="stmt"/>
      <line num="35" count="2" type="cond" truecount="2" falsecount="0"/>
      <line num="36" count="2" type="stmt"/>
      <line num="37" count="2" type="stmt"/>
      <line num="38" count="2" type="stmt"/>
      <line num="39" count="2" type="stmt"/>
      <line num="40" count="2" type="stmt"/>
      <line num="41" count="2" type="stmt"/>
      <line num="42" count="2" type="stmt"/>
      <line num="43" count="2" type="stmt"/>
      <line num="44" count="2" type="stmt"/>
      <line num="45" count="2" type="stmt"/>
      <line num="46" count="2" type="cond" truecount="2" falsecount="0"/>
      <line num="47" count="1" type="stmt"/>
      <line num="48" count="2" type="stmt"/>
      <line num="49" count="2" type="stmt"/>
      <line num="50" count="2" type="stmt"/>
      <line num="51" count="2" type="stmt"/>
      <line num="52" count="2" type="stmt"/>
      <line num="53" count="2" type="stmt"/>
      <line num="54" count="2" type="stmt"/>
      <line num="55" count="2" type="stmt"/>
      <line num="56" count="2" type="stmt"/>
      <line num="57" count="2" type="cond" truecount="2" falsecount="0"/>
      <line num="58" count="3" type="stmt"/>
      <line num="59" count="2" type="stmt"/>
      <line num="60" count="2" type="stmt"/>
      <line num="61" count="2" type="stmt"/>
      <line num="62" count="2" type="stmt"/>
      <line num="63" count="2" type="stmt"/>
      <line num="64" count="2" type="stmt"/>
      <line num="65" count="2" type="stmt"/>
      <line num="66" count="2" type="stmt"/>
      <line num="67" count="2" type="stmt"/>
      <line num="68" count="2" type="stmt"/>
      <line num="69" count="2" type="stmt"/>
      <line num="70" count="2" type="cond" truecount="1" falsecount="0"/>
      <line num="71" count="48" type="stmt"/>
      <line num="72" count="48" type="stmt"/>
      <line num="73" count="48" type="stmt"/>
      <line num="74" count="48" type="stmt"/>
      <line num="75" count="48" type="stmt"/>
      <line num="76" count="48" type="cond" truecount="1" falsecount="0"/>
      <line num="77" count="2" type="stmt"/>
      <line num="78" count="2" type="stmt"/>
      <line num="79" count="2" type="stmt"/>
      <line num="80" count="2" type="cond" truecount="1" falsecount="0"/>
      <line num="81" count="4" type="stmt"/>
      <line num="82" count="4" type="cond" truecount="2" falsecount="0"/>
      <line num="83" count="1" type="stmt"/>
      <line num="84" count="1" type="stmt"/>
      <line num="85" count="2" type="stmt"/>
      <line num="86" count="2" type="stmt"/>
      <line num="87" count="2" type="cond" truecount="1" falsecount="0"/>
      <line num="88" count="8" type="stmt"/>
      <line num="89" count="8" type="cond" truecount="2" falsecount="0"/>
      <line num="90" count="4" type="stmt"/>
      <line num="91" count="4" type="stmt"/>
      <line num="92" count="4" type="stmt"/>
      <line num="93" count="4" type="stmt"/>
      <line num="94" count="4" type="stmt"/>
      <line num="95" count="8" type="stmt"/>
      <line num="96" count="2" type="stmt"/>
      <line num="97" count="2" type="cond" truecount="1" falsecount="0"/>
      <line num="98" count="1" type="stmt"/>
      <line num="99" count="1" type="stmt"/>
      <line num="100" count="1" type="stmt"/>
      <line num="101" count="1" type="stmt"/>
      <line num="102" count="1" type="stmt"/>
      <line num="103" count="1" type="stmt"/>
      <line num="104" count="1" type="stmt"/>
      <line num="105" count="48" type="stmt"/>
      <line num="106" count="48" type="stmt"/>
      <line num="107" count="48" type="cond" truecount="1" falsecount="0"/>
      <line num="108" count="20" type="stmt"/>
      <line num="109" count="20" type="stmt"/>
      <line num="110" count="20" type="cond" truecount="1" falsecount="0"/>
      <line num="111" count="1" type="stmt"/>
      <line num="112" count="1" type="stmt"/>
      <line num="113" count="20" type="stmt"/>
      <line num="114" count="20" type="stmt"/>
      <line num="115" count="48" type="stmt"/>
      <line num="116" count="48" type="cond" truecount="1" falsecount="0"/>
      <line num="117" count="13" type="stmt"/>
      <line num="118" count="13" type="stmt"/>
      <line num="119" count="13" type="stmt"/>
      <line num="120" count="13" type="stmt"/>
      <line num="121" count="13" type="stmt"/>
      <line num="122" count="13" type="stmt"/>
      <line num="123" count="48" type="cond" truecount="3" falsecount="0"/>
      <line num="124" count="11" type="stmt"/>
      <line num="125" count="11" type="stmt"/>
      <line num="126" count="40" type="stmt"/>
      <line num="127" count="40" type="stmt"/>
      <line num="128" count="2" type="stmt"/>
      <line num="129" count="2" type="stmt"/>
      <line num="130" count="2" type="stmt"/>
      <line num="131" count="2" type="stmt"/>
      <line num="132" count="2" type="stmt"/>
      <line num="133" count="2" type="stmt"/>
      <line num="134" count="2" type="stmt"/>
      <line num="135" count="2" type="stmt"/>
      <line num="136" count="2" type="stmt"/>
      <line num="137" count="2" type="stmt"/>
      <line num="138" count="2" type="stmt"/>
      <line num="139" count="2" type="cond" truecount="1" falsecount="0"/>
      <line num="140" count="6" type="cond" truecount="2" falsecount="0"/>
      <line num="141" count="1" type="stmt"/>
      <line num="142" count="1" type="stmt"/>
      <line num="143" count="5" type="cond" truecount="1" falsecount="0"/>
      <line num="144" count="5" type="stmt"/>
      <line num="145" count="5" type="stmt"/>
      <line num="146" count="6" type="cond" truecount="2" falsecount="0"/>
      <line num="147" count="3" type="stmt"/>
      <line num="148" count="3" type="stmt"/>
      <line num="149" count="6" type="stmt"/>
      <line num="150" count="2" type="stmt"/>
      <line num="151" count="2" type="stmt"/>
      <line num="152" count="2" type="stmt"/>
      <line num="153" count="2" type="stmt"/>
      <line num="154" count="2" type="stmt"/>
      <line num="155" count="2" type="stmt"/>
      <line num="156" count="2" type="stmt"/>
      <line num="157" count="2" type="stmt"/>
      <line num="158" count="2" type="stmt"/>
      <line num="159" count="2" type="stmt"/>
      <line num="160" count="2" type="stmt"/>
      <line num="161" count="2" type="cond" truecount="1" falsecount="0"/>
      <line num="162" count="5" type="cond" truecount="2" falsecount="0"/>
      <line num="163" count="1" type="stmt"/>
      <line num="164" count="1" type="stmt"/>
      <line num="165" count="5" type="stmt"/>
      <line num="166" count="5" type="stmt"/>
      <line num="167" count="5" type="stmt"/>
      <line num="168" count="5" type="cond" truecount="2" falsecount="0"/>
      <line num="169" count="3" type="stmt"/>
      <line num="170" count="3" type="stmt"/>
      <line num="171" count="2" type="stmt"/>
      <line num="172" count="2" type="stmt"/>
      <line num="173" count="2" type="stmt"/>
      <line num="174" count="2" type="stmt"/>
      <line num="175" count="2" type="stmt"/>
      <line num="176" count="2" type="stmt"/>
      <line num="177" count="2" type="stmt"/>
      <line num="178" count="2" type="stmt"/>
      <line num="179" count="2" type="stmt"/>
      <line num="180" count="2" type="stmt"/>
      <line num="181" count="2" type="cond" truecount="1" falsecount="0"/>
      <line num="182" count="500023" type="stmt"/>
      <line num="183" count="500023" type="stmt"/>
      <line num="184" count="500023" type="stmt"/>
      <line num="185" count="500023" type="cond" truecount="1" falsecount="0"/>
      <line num="186" count="500007" type="stmt"/>
      <line num="187" count="500007" type="stmt"/>
      <line num="188" count="500023" type="stmt"/>
      <line num="189" count="500023" type="stmt"/>
      <line num="190" count="500023" type="stmt"/>
      <line num="191" count="500023" type="cond" truecount="1" falsecount="0"/>
      <line num="192" count="18" type="stmt"/>
      <line num="193" count="18" type="stmt"/>
      <line num="194" count="18" type="stmt"/>
      <line num="195" count="18" type="stmt"/>
      <line num="196" count="16" type="cond" truecount="1" falsecount="0"/>
      <line num="197" count="500023" type="cond" truecount="1" falsecount="0"/>
      <line num="198" count="14" type="stmt"/>
      <line num="199" count="14" type="stmt"/>
      <line num="200" count="500023" type="stmt"/>
      <line num="201" count="2" type="stmt"/>
      <line num="202" count="2" type="stmt"/>
      <line num="203" count="2" type="stmt"/>
      <line num="204" count="2" type="stmt"/>
      <line num="205" count="2" type="stmt"/>
      <line num="206" count="2" type="stmt"/>
      <line num="207" count="2" type="stmt"/>
      <line num="208" count="2" type="stmt"/>
      <line num="209" count="2" type="stmt"/>
      <line num="210" count="2" type="cond" truecount="1" falsecount="0"/>
      <line num="211" count="16" type="stmt"/>
      <line num="212" count="16" type="cond" truecount="1" falsecount="0"/>
      <line num="213" count="15" type="stmt"/>
      <line num="214" count="15" type="stmt"/>
      <line num="215" count="15" type="stmt"/>
      <line num="216" count="15" type="stmt"/>
      <line num="217" count="15" type="cond" truecount="1" falsecount="0"/>
      <line num="218" count="3" type="cond" truecount="1" falsecount="0"/>
      <line num="219" count="4" type="stmt"/>
      <line num="220" count="4" type="stmt"/>
      <line num="221" count="4" type="stmt"/>
      <line num="222" count="4" type="stmt"/>
      <line num="223" count="3" type="stmt"/>
      <line num="224" count="15" type="stmt"/>
      <line num="225" count="15" type="stmt"/>
      <line num="226" count="16" type="stmt"/>
      <line num="227" count="2" type="stmt"/>
      <line num="228" count="2" type="stmt"/>
      <line num="229" count="2" type="stmt"/>
      <line num="230" count="2" type="stmt"/>
      <line num="231" count="2" type="cond" truecount="1" falsecount="0"/>
      <line num="232" count="3" type="stmt"/>
      <line num="233" count="3" type="stmt"/>
      <line num="234" count="3" type="stmt"/>
      <line num="235" count="3" type="stmt"/>
      <line num="236" count="3" type="stmt"/>
      <line num="237" count="3" type="stmt"/>
      <line num="238" count="3" type="stmt"/>
      <line num="239" count="3" type="stmt"/>
      <line num="240" count="3" type="stmt"/>
      <line num="241" count="3" type="stmt"/>
      <line num="242" count="3" type="stmt"/>
      <line num="243" count="3" type="stmt"/>
      <line num="244" count="3" type="stmt"/>
      <line num="245" count="3" type="stmt"/>
      <line num="246" count="3" type="cond" truecount="1" falsecount="0"/>
      <line num="247" count="3" type="cond" truecount="1" falsecount="0"/>
      <line num="248" count="3" type="stmt"/>
      <line num="249" count="3" type="stmt"/>
      <line num="250" count="3" type="stmt"/>
      <line num="251" count="3" type="stmt"/>
      <line num="252" count="3" type="stmt"/>
      <line num="253" count="3" type="stmt"/>
      <line num="254" count="3" type="stmt"/>
      <line num="255" count="3" type="stmt"/>
      <line num="256" count="3" type="stmt"/>
      <line num="257" count="3" type="cond" truecount="1" falsecount="0"/>
      <line num="258" count="1" type="stmt"/>
      <line num="259" count="1" type="cond" truecount="1" falsecount="0"/>
      <line num="260" count="3" type="stmt"/>
      <line num="261" count="3" type="cond" truecount="1" falsecount="0"/>
      <line num="262" count="1" type="stmt"/>
      <line num="263" count="1" type="stmt"/>
      <line num="264" count="3" type="stmt"/>
      <line num="265" count="3" type="stmt"/>
      <line num="266" count="3" type="stmt"/>
      <line num="267" count="1" type="stmt"/>
      <line num="268" count="1" type="stmt"/>
      <line num="269" count="1" type="stmt"/>
      <line num="270" count="1" type="stmt"/>
      <line num="271" count="1" type="cond" truecount="1" falsecount="0"/>
      <line num="272" count="1" type="stmt"/>
      <line num="273" count="1" type="stmt"/>
      <line num="274" count="3" type="stmt"/>
      <line num="275" count="3" type="stmt"/>
      <line num="276" count="3" type="stmt"/>
      <line num="277" count="3" type="stmt"/>
      <line num="278" count="3" type="stmt"/>
      <line num="279" count="3" type="stmt"/>
      <line num="280" count="3" type="stmt"/>
      <line num="281" count="3" type="stmt"/>
      <line num="282" count="3" type="stmt"/>
      <line num="283" count="3" type="stmt"/>
      <line num="284" count="3" type="cond" truecount="1" falsecount="0"/>
      <line num="285" count="3" type="stmt"/>
      <line num="286" count="3" type="stmt"/>
      <line num="287" count="3" type="stmt"/>
      <line num="288" count="3" type="stmt"/>
      <line num="289" count="3" type="stmt"/>
      <line num="290" count="3" type="stmt"/>
      <line num="291" count="3" type="stmt"/>
      <line num="292" count="3" type="stmt"/>
      <line num="293" count="3" type="stmt"/>
      <line num="294" count="3" type="cond" truecount="1" falsecount="0"/>
      <line num="295" count="500023" type="cond" truecount="2" falsecount="0"/>
      <line num="296" count="1" type="cond" truecount="1" falsecount="0"/>
      <line num="297" count="1" type="stmt"/>
      <line num="298" count="1" type="stmt"/>
      <line num="299" count="1" type="stmt"/>
      <line num="300" count="500023" type="stmt"/>
      <line num="301" count="3" type="stmt"/>
      <line num="302" count="3" type="stmt"/>
      <line num="303" count="3" type="stmt"/>
      <line num="304" count="3" type="stmt"/>
      <line num="305" count="3" type="stmt"/>
      <line num="306" count="3" type="stmt"/>
      <line num="307" count="3" type="stmt"/>
      <line num="308" count="3" type="stmt"/>
      <line num="309" count="3" type="cond" truecount="1" falsecount="0"/>
      <line num="310" count="3" type="cond" truecount="1" falsecount="0"/>
      <line num="311" count="10" type="stmt"/>
      <line num="312" count="10" type="stmt"/>
      <line num="313" count="10" type="stmt"/>
      <line num="314" count="10" type="cond" truecount="1" falsecount="0"/>
      <line num="315" count="11" type="stmt"/>
      <line num="316" count="11" type="stmt"/>
      <line num="317" count="10" type="stmt"/>
      <line num="318" count="10" type="stmt"/>
      <line num="319" count="3" type="stmt"/>
      <line num="320" count="3" type="cond" truecount="1" falsecount="0"/>
      <line num="321" count="3" type="cond" truecount="1" falsecount="0"/>
      <line num="322" count="3" type="cond" truecount="1" falsecount="0"/>
      <line num="323" count="3" type="cond" truecount="1" falsecount="0"/>
      <line num="324" count="3" type="stmt"/>
      <line num="325" count="3" type="stmt"/>
      <line num="326" count="3" type="cond" truecount="1" falsecount="0"/>
      <line num="327" count="3" type="stmt"/>
      <line num="328" count="3" type="stmt"/>
      <line num="329" count="2" type="stmt"/>
    </file>
    <file name="proxy.js" path="C:\Users\smile\git\ref-central\proxy.js">
      <metrics statements="51" coveredstatements="49" conditionals="9" coveredconditionals="9" methods="6" coveredmethods="5"/>
      <line num="1" count="2" type="cond" truecount="1" falsecount="0"/>
      <line num="2" count="2" type="stmt"/>
      <line num="3" count="2" type="stmt"/>
      <line num="4" count="2" type="cond" truecount="1" falsecount="0"/>
      <line num="5" count="6" type="stmt"/>
      <line num="6" count="6" type="stmt"/>
      <line num="7" count="2" type="stmt"/>
      <line num="8" count="2" type="cond" truecount="1" falsecount="0"/>
      <line num="9" count="4" type="stmt"/>
      <line num="10" count="4" type="stmt"/>
      <line num="11" count="2" type="stmt"/>
      <line num="12" count="2" type="cond" truecount="1" falsecount="0"/>
      <line num="13" count="500004" type="stmt"/>
      <line num="14" count="500004" type="stmt"/>
      <line num="15" count="500004" type="stmt"/>
      <line num="16" count="2" type="stmt"/>
      <line num="17" count="2" type="stmt"/>
      <line num="18" count="0" type="stmt"/>
      <line num="19" count="0" type="stmt"/>
      <line num="20" count="2" type="stmt"/>
      <line num="21" count="2" type="cond" truecount="1" falsecount="0"/>
      <line num="22" count="2" type="cond" truecount="1" falsecount="0"/>
      <line num="23" count="1" type="stmt"/>
      <line num="24" count="1" type="stmt"/>
      <line num="25" count="1" type="stmt"/>
      <line num="26" count="1" type="stmt"/>
      <line num="27" count="1" type="stmt"/>
      <line num="28" count="2" type="stmt"/>
      <line num="29" count="2" type="stmt"/>
      <line num="30" count="2" type="stmt"/>
      <line num="31" count="2" type="stmt"/>
      <line num="32" count="2" type="stmt"/>
      <line num="33" count="2" type="stmt"/>
      <line num="34" count="2" type="stmt"/>
      <line num="35" count="2" type="stmt"/>
      <line num="36" count="2" type="stmt"/>
      <line num="37" count="2" type="stmt"/>
      <line num="38" count="2" type="cond" truecount="1" falsecount="0"/>
      <line num="39" count="7" type="cond" truecount="1" falsecount="0"/>
      <line num="40" count="3" type="stmt"/>
      <line num="41" count="3" type="stmt"/>
      <line num="42" count="7" type="stmt"/>
      <line num="43" count="7" type="cond" truecount="1" falsecount="0"/>
      <line num="44" count="1" type="stmt"/>
      <line num="45" count="1" type="stmt"/>
      <line num="46" count="7" type="stmt"/>
      <line num="47" count="7" type="stmt"/>
      <line num="48" count="7" type="stmt"/>
      <line num="49" count="7" type="stmt"/>
      <line num="50" count="7" type="stmt"/>
      <line num="51" count="2" type="stmt"/>
    </file>
  </project>
</coverage>
