{"/Users/mantolo/gitrepo/@sonice/ref-central/index.js": {"path":"/Users/mantolo/gitrepo/@sonice/ref-central/index.js","all":false,"statementMap":{"0":{"start":{"line":1,"column":0},"end":{"line":1,"column":29}},"1":{"start":{"line":2,"column":0},"end":{"line":2,"column":22}},"2":{"start":{"line":3,"column":0},"end":{"line":3,"column":28}},"3":{"start":{"line":4,"column":0},"end":{"line":4,"column":0}},"4":{"start":{"line":5,"column":0},"end":{"line":5,"column":18}},"5":{"start":{"line":6,"column":0},"end":{"line":6,"column":25}},"6":{"start":{"line":7,"column":0},"end":{"line":7,"column":9}},"7":{"start":{"line":8,"column":0},"end":{"line":8,"column":2}},"8":{"start":{"line":9,"column":0},"end":{"line":9,"column":0}},"9":{"start":{"line":10,"column":0},"end":{"line":10,"column":3}},"10":{"start":{"line":11,"column":0},"end":{"line":11,"column":29}},"11":{"start":{"line":12,"column":0},"end":{"line":12,"column":2}},"12":{"start":{"line":13,"column":0},"end":{"line":13,"column":35}},"13":{"start":{"line":14,"column":0},"end":{"line":14,"column":40}},"14":{"start":{"line":15,"column":0},"end":{"line":15,"column":3}},"15":{"start":{"line":16,"column":0},"end":{"line":16,"column":34}},"16":{"start":{"line":17,"column":0},"end":{"line":17,"column":29}},"17":{"start":{"line":18,"column":0},"end":{"line":18,"column":32}},"18":{"start":{"line":19,"column":0},"end":{"line":19,"column":3}},"19":{"start":{"line":20,"column":0},"end":{"line":20,"column":0}},"20":{"start":{"line":21,"column":0},"end":{"line":21,"column":27}},"21":{"start":{"line":22,"column":0},"end":{"line":22,"column":31}},"22":{"start":{"line":23,"column":0},"end":{"line":23,"column":16}},"23":{"start":{"line":24,"column":0},"end":{"line":24,"column":2}},"24":{"start":{"line":25,"column":0},"end":{"line":25,"column":0}},"25":{"start":{"line":26,"column":0},"end":{"line":26,"column":3}},"26":{"start":{"line":27,"column":0},"end":{"line":27,"column":32}},"27":{"start":{"line":28,"column":0},"end":{"line":28,"column":2}},"28":{"start":{"line":29,"column":0},"end":{"line":29,"column":60}},"29":{"start":{"line":30,"column":0},"end":{"line":30,"column":32}},"30":{"start":{"line":31,"column":0},"end":{"line":31,"column":37}},"31":{"start":{"line":32,"column":0},"end":{"line":32,"column":3}},"32":{"start":{"line":33,"column":0},"end":{"line":33,"column":63}},"33":{"start":{"line":34,"column":0},"end":{"line":34,"column":30}},"34":{"start":{"line":35,"column":0},"end":{"line":35,"column":3}},"35":{"start":{"line":36,"column":0},"end":{"line":36,"column":0}},"36":{"start":{"line":37,"column":0},"end":{"line":37,"column":3}},"37":{"start":{"line":38,"column":0},"end":{"line":38,"column":81}},"38":{"start":{"line":39,"column":0},"end":{"line":39,"column":2}},"39":{"start":{"line":40,"column":0},"end":{"line":40,"column":32}},"40":{"start":{"line":41,"column":0},"end":{"line":41,"column":32}},"41":{"start":{"line":42,"column":0},"end":{"line":42,"column":71}},"42":{"start":{"line":43,"column":0},"end":{"line":43,"column":3}},"43":{"start":{"line":44,"column":0},"end":{"line":44,"column":81}},"44":{"start":{"line":45,"column":0},"end":{"line":45,"column":38}},"45":{"start":{"line":46,"column":0},"end":{"line":46,"column":0}},"46":{"start":{"line":47,"column":0},"end":{"line":47,"column":52}},"47":{"start":{"line":48,"column":0},"end":{"line":48,"column":37}},"48":{"start":{"line":49,"column":0},"end":{"line":49,"column":3}},"49":{"start":{"line":50,"column":0},"end":{"line":50,"column":0}},"50":{"start":{"line":51,"column":0},"end":{"line":51,"column":40}},"51":{"start":{"line":52,"column":0},"end":{"line":52,"column":3}},"52":{"start":{"line":53,"column":0},"end":{"line":53,"column":0}},"53":{"start":{"line":54,"column":0},"end":{"line":54,"column":3}},"54":{"start":{"line":55,"column":0},"end":{"line":55,"column":161}},"55":{"start":{"line":56,"column":0},"end":{"line":56,"column":2}},"56":{"start":{"line":57,"column":0},"end":{"line":57,"column":115}},"57":{"start":{"line":58,"column":0},"end":{"line":58,"column":116}},"58":{"start":{"line":59,"column":0},"end":{"line":59,"column":47}},"59":{"start":{"line":60,"column":0},"end":{"line":60,"column":53}},"60":{"start":{"line":61,"column":0},"end":{"line":61,"column":59}},"61":{"start":{"line":62,"column":0},"end":{"line":62,"column":3}},"62":{"start":{"line":63,"column":0},"end":{"line":63,"column":23}},"63":{"start":{"line":64,"column":0},"end":{"line":64,"column":7}},"64":{"start":{"line":65,"column":0},"end":{"line":65,"column":16}},"65":{"start":{"line":66,"column":0},"end":{"line":66,"column":22}},"66":{"start":{"line":67,"column":0},"end":{"line":67,"column":15}},"67":{"start":{"line":68,"column":0},"end":{"line":68,"column":6}},"68":{"start":{"line":69,"column":0},"end":{"line":69,"column":28}},"69":{"start":{"line":70,"column":0},"end":{"line":70,"column":31}},"70":{"start":{"line":71,"column":0},"end":{"line":71,"column":21}},"71":{"start":{"line":72,"column":0},"end":{"line":72,"column":38}},"72":{"start":{"line":73,"column":0},"end":{"line":73,"column":25}},"73":{"start":{"line":74,"column":0},"end":{"line":74,"column":34}},"74":{"start":{"line":75,"column":0},"end":{"line":75,"column":28}},"75":{"start":{"line":76,"column":0},"end":{"line":76,"column":7}},"76":{"start":{"line":77,"column":0},"end":{"line":77,"column":6}},"77":{"start":{"line":78,"column":0},"end":{"line":78,"column":0}},"78":{"start":{"line":79,"column":0},"end":{"line":79,"column":51}},"79":{"start":{"line":80,"column":0},"end":{"line":80,"column":30}},"80":{"start":{"line":81,"column":0},"end":{"line":81,"column":72}},"81":{"start":{"line":82,"column":0},"end":{"line":82,"column":19}},"82":{"start":{"line":83,"column":0},"end":{"line":83,"column":14}},"83":{"start":{"line":84,"column":0},"end":{"line":84,"column":20}},"84":{"start":{"line":85,"column":0},"end":{"line":85,"column":52}},"85":{"start":{"line":86,"column":0},"end":{"line":86,"column":7}},"86":{"start":{"line":87,"column":0},"end":{"line":87,"column":5}},"87":{"start":{"line":88,"column":0},"end":{"line":88,"column":0}},"88":{"start":{"line":89,"column":0},"end":{"line":89,"column":15}},"89":{"start":{"line":90,"column":0},"end":{"line":90,"column":18}},"90":{"start":{"line":91,"column":0},"end":{"line":91,"column":24}},"91":{"start":{"line":92,"column":0},"end":{"line":92,"column":26}},"92":{"start":{"line":93,"column":0},"end":{"line":93,"column":5}},"93":{"start":{"line":94,"column":0},"end":{"line":94,"column":0}},"94":{"start":{"line":95,"column":0},"end":{"line":95,"column":16}},"95":{"start":{"line":96,"column":0},"end":{"line":96,"column":3}},"96":{"start":{"line":97,"column":0},"end":{"line":97,"column":0}},"97":{"start":{"line":98,"column":0},"end":{"line":98,"column":39}},"98":{"start":{"line":99,"column":0},"end":{"line":99,"column":31}},"99":{"start":{"line":100,"column":0},"end":{"line":100,"column":67}},"100":{"start":{"line":101,"column":0},"end":{"line":101,"column":42}},"101":{"start":{"line":102,"column":0},"end":{"line":102,"column":17}},"102":{"start":{"line":103,"column":0},"end":{"line":103,"column":34}},"103":{"start":{"line":104,"column":0},"end":{"line":104,"column":5}},"104":{"start":{"line":105,"column":0},"end":{"line":105,"column":18}},"105":{"start":{"line":106,"column":0},"end":{"line":106,"column":3}},"106":{"start":{"line":107,"column":0},"end":{"line":107,"column":0}},"107":{"start":{"line":108,"column":0},"end":{"line":108,"column":16}},"108":{"start":{"line":109,"column":0},"end":{"line":109,"column":53}},"109":{"start":{"line":110,"column":0},"end":{"line":110,"column":16}},"110":{"start":{"line":111,"column":0},"end":{"line":111,"column":3}},"111":{"start":{"line":112,"column":0},"end":{"line":112,"column":0}},"112":{"start":{"line":113,"column":0},"end":{"line":113,"column":38}},"113":{"start":{"line":114,"column":0},"end":{"line":114,"column":31}},"114":{"start":{"line":115,"column":0},"end":{"line":115,"column":78}},"115":{"start":{"line":116,"column":0},"end":{"line":116,"column":3}},"116":{"start":{"line":117,"column":0},"end":{"line":117,"column":0}},"117":{"start":{"line":118,"column":0},"end":{"line":118,"column":44}},"118":{"start":{"line":119,"column":0},"end":{"line":119,"column":14}},"119":{"start":{"line":120,"column":0},"end":{"line":120,"column":2}},"120":{"start":{"line":121,"column":0},"end":{"line":121,"column":0}},"121":{"start":{"line":122,"column":0},"end":{"line":122,"column":3}},"122":{"start":{"line":123,"column":0},"end":{"line":123,"column":43}},"123":{"start":{"line":124,"column":0},"end":{"line":124,"column":2}},"124":{"start":{"line":125,"column":0},"end":{"line":125,"column":44}},"125":{"start":{"line":126,"column":0},"end":{"line":126,"column":42}},"126":{"start":{"line":127,"column":0},"end":{"line":127,"column":40}},"127":{"start":{"line":128,"column":0},"end":{"line":128,"column":34}},"128":{"start":{"line":129,"column":0},"end":{"line":129,"column":3}},"129":{"start":{"line":130,"column":0},"end":{"line":130,"column":59}},"130":{"start":{"line":131,"column":0},"end":{"line":131,"column":39}},"131":{"start":{"line":132,"column":0},"end":{"line":132,"column":30}},"132":{"start":{"line":133,"column":0},"end":{"line":133,"column":0}},"133":{"start":{"line":134,"column":0},"end":{"line":134,"column":38}},"134":{"start":{"line":135,"column":0},"end":{"line":135,"column":31}},"135":{"start":{"line":136,"column":0},"end":{"line":136,"column":15}},"136":{"start":{"line":137,"column":0},"end":{"line":137,"column":3}},"137":{"start":{"line":138,"column":0},"end":{"line":138,"column":0}},"138":{"start":{"line":139,"column":0},"end":{"line":139,"column":44}},"139":{"start":{"line":140,"column":0},"end":{"line":140,"column":0}},"140":{"start":{"line":141,"column":0},"end":{"line":141,"column":57}},"141":{"start":{"line":142,"column":0},"end":{"line":142,"column":40}},"142":{"start":{"line":143,"column":0},"end":{"line":143,"column":39}},"143":{"start":{"line":144,"column":0},"end":{"line":144,"column":31}},"144":{"start":{"line":145,"column":0},"end":{"line":145,"column":3}},"145":{"start":{"line":146,"column":0},"end":{"line":146,"column":0}},"146":{"start":{"line":147,"column":0},"end":{"line":147,"column":28}},"147":{"start":{"line":148,"column":0},"end":{"line":148,"column":25}},"148":{"start":{"line":149,"column":0},"end":{"line":149,"column":33}},"149":{"start":{"line":150,"column":0},"end":{"line":150,"column":3}},"150":{"start":{"line":151,"column":0},"end":{"line":151,"column":13}},"151":{"start":{"line":152,"column":0},"end":{"line":152,"column":2}},"152":{"start":{"line":153,"column":0},"end":{"line":153,"column":0}},"153":{"start":{"line":154,"column":0},"end":{"line":154,"column":3}},"154":{"start":{"line":155,"column":0},"end":{"line":155,"column":40}},"155":{"start":{"line":156,"column":0},"end":{"line":156,"column":2}},"156":{"start":{"line":157,"column":0},"end":{"line":157,"column":32}},"157":{"start":{"line":158,"column":0},"end":{"line":158,"column":46}},"158":{"start":{"line":159,"column":0},"end":{"line":159,"column":31}},"159":{"start":{"line":160,"column":0},"end":{"line":160,"column":3}},"160":{"start":{"line":161,"column":0},"end":{"line":161,"column":57}},"161":{"start":{"line":162,"column":0},"end":{"line":162,"column":39}},"162":{"start":{"line":163,"column":0},"end":{"line":163,"column":47}},"163":{"start":{"line":164,"column":0},"end":{"line":164,"column":40}},"164":{"start":{"line":165,"column":0},"end":{"line":165,"column":42}},"165":{"start":{"line":166,"column":0},"end":{"line":166,"column":30}},"166":{"start":{"line":167,"column":0},"end":{"line":167,"column":53}},"167":{"start":{"line":168,"column":0},"end":{"line":168,"column":74}},"168":{"start":{"line":169,"column":0},"end":{"line":169,"column":52}},"169":{"start":{"line":170,"column":0},"end":{"line":170,"column":7}},"170":{"start":{"line":171,"column":0},"end":{"line":171,"column":5}},"171":{"start":{"line":172,"column":0},"end":{"line":172,"column":18}},"172":{"start":{"line":173,"column":0},"end":{"line":173,"column":3}},"173":{"start":{"line":174,"column":0},"end":{"line":174,"column":14}},"174":{"start":{"line":175,"column":0},"end":{"line":175,"column":2}},"175":{"start":{"line":176,"column":0},"end":{"line":176,"column":0}},"176":{"start":{"line":177,"column":0},"end":{"line":177,"column":3}},"177":{"start":{"line":178,"column":0},"end":{"line":178,"column":80}},"178":{"start":{"line":179,"column":0},"end":{"line":179,"column":2}},"179":{"start":{"line":180,"column":0},"end":{"line":180,"column":37}},"180":{"start":{"line":181,"column":0},"end":{"line":181,"column":36}},"181":{"start":{"line":182,"column":0},"end":{"line":182,"column":3}},"182":{"start":{"line":183,"column":0},"end":{"line":183,"column":38}},"183":{"start":{"line":184,"column":0},"end":{"line":184,"column":23}},"184":{"start":{"line":185,"column":0},"end":{"line":185,"column":26}},"185":{"start":{"line":186,"column":0},"end":{"line":186,"column":3}},"186":{"start":{"line":187,"column":0},"end":{"line":187,"column":0}},"187":{"start":{"line":188,"column":0},"end":{"line":188,"column":26}},"188":{"start":{"line":189,"column":0},"end":{"line":189,"column":68}},"189":{"start":{"line":190,"column":0},"end":{"line":190,"column":39}},"190":{"start":{"line":191,"column":0},"end":{"line":191,"column":36}},"191":{"start":{"line":192,"column":0},"end":{"line":192,"column":26}},"192":{"start":{"line":193,"column":0},"end":{"line":193,"column":2}},"193":{"start":{"line":194,"column":0},"end":{"line":194,"column":0}},"194":{"start":{"line":195,"column":0},"end":{"line":195,"column":21}},"195":{"start":{"line":196,"column":0},"end":{"line":196,"column":0}},"196":{"start":{"line":197,"column":0},"end":{"line":197,"column":3}},"197":{"start":{"line":198,"column":0},"end":{"line":198,"column":95}},"198":{"start":{"line":199,"column":0},"end":{"line":199,"column":2}},"199":{"start":{"line":200,"column":0},"end":{"line":200,"column":45}},"200":{"start":{"line":201,"column":0},"end":{"line":201,"column":52}},"201":{"start":{"line":202,"column":0},"end":{"line":202,"column":46}},"202":{"start":{"line":203,"column":0},"end":{"line":203,"column":108}},"203":{"start":{"line":204,"column":0},"end":{"line":204,"column":3}},"204":{"start":{"line":205,"column":0},"end":{"line":205,"column":27}},"205":{"start":{"line":206,"column":0},"end":{"line":206,"column":7}},"206":{"start":{"line":207,"column":0},"end":{"line":207,"column":25}},"207":{"start":{"line":208,"column":0},"end":{"line":208,"column":27}},"208":{"start":{"line":209,"column":0},"end":{"line":209,"column":6}},"209":{"start":{"line":210,"column":0},"end":{"line":210,"column":27}},"210":{"start":{"line":211,"column":0},"end":{"line":211,"column":19}},"211":{"start":{"line":212,"column":0},"end":{"line":212,"column":3}},"212":{"start":{"line":213,"column":0},"end":{"line":213,"column":0}},"213":{"start":{"line":214,"column":0},"end":{"line":214,"column":30}},"214":{"start":{"line":215,"column":0},"end":{"line":215,"column":37}},"215":{"start":{"line":216,"column":0},"end":{"line":216,"column":3}},"216":{"start":{"line":217,"column":0},"end":{"line":217,"column":0}},"217":{"start":{"line":218,"column":0},"end":{"line":218,"column":41}},"218":{"start":{"line":219,"column":0},"end":{"line":219,"column":0}},"219":{"start":{"line":220,"column":0},"end":{"line":220,"column":34}},"220":{"start":{"line":221,"column":0},"end":{"line":221,"column":44}},"221":{"start":{"line":222,"column":0},"end":{"line":222,"column":3}},"222":{"start":{"line":223,"column":0},"end":{"line":223,"column":0}},"223":{"start":{"line":224,"column":0},"end":{"line":224,"column":23}},"224":{"start":{"line":225,"column":0},"end":{"line":225,"column":0}},"225":{"start":{"line":226,"column":0},"end":{"line":226,"column":41}},"226":{"start":{"line":227,"column":0},"end":{"line":227,"column":20}},"227":{"start":{"line":228,"column":0},"end":{"line":228,"column":13}},"228":{"start":{"line":229,"column":0},"end":{"line":229,"column":5}},"229":{"start":{"line":230,"column":0},"end":{"line":230,"column":30}},"230":{"start":{"line":231,"column":0},"end":{"line":231,"column":0}},"231":{"start":{"line":232,"column":0},"end":{"line":232,"column":57}},"232":{"start":{"line":233,"column":0},"end":{"line":233,"column":33}},"233":{"start":{"line":234,"column":0},"end":{"line":234,"column":5}},"234":{"start":{"line":235,"column":0},"end":{"line":235,"column":0}},"235":{"start":{"line":236,"column":0},"end":{"line":236,"column":57}},"236":{"start":{"line":237,"column":0},"end":{"line":237,"column":0}},"237":{"start":{"line":238,"column":0},"end":{"line":238,"column":23}},"238":{"start":{"line":239,"column":0},"end":{"line":239,"column":62}},"239":{"start":{"line":240,"column":0},"end":{"line":240,"column":39}},"240":{"start":{"line":241,"column":0},"end":{"line":241,"column":62}},"241":{"start":{"line":242,"column":0},"end":{"line":242,"column":14}},"242":{"start":{"line":243,"column":0},"end":{"line":243,"column":22}},"243":{"start":{"line":244,"column":0},"end":{"line":244,"column":70}},"244":{"start":{"line":245,"column":0},"end":{"line":245,"column":7}},"245":{"start":{"line":246,"column":0},"end":{"line":246,"column":5}},"246":{"start":{"line":247,"column":0},"end":{"line":247,"column":4}},"247":{"start":{"line":248,"column":0},"end":{"line":248,"column":0}},"248":{"start":{"line":249,"column":0},"end":{"line":249,"column":15}},"249":{"start":{"line":250,"column":0},"end":{"line":250,"column":18}},"250":{"start":{"line":251,"column":0},"end":{"line":251,"column":15}},"251":{"start":{"line":252,"column":0},"end":{"line":252,"column":14}},"252":{"start":{"line":253,"column":0},"end":{"line":253,"column":11}},"253":{"start":{"line":254,"column":0},"end":{"line":254,"column":19}},"254":{"start":{"line":255,"column":0},"end":{"line":255,"column":43}},"255":{"start":{"line":256,"column":0},"end":{"line":256,"column":8}},"256":{"start":{"line":257,"column":0},"end":{"line":257,"column":0}},"257":{"start":{"line":258,"column":0},"end":{"line":258,"column":9}},"258":{"start":{"line":259,"column":0},"end":{"line":259,"column":43}},"259":{"start":{"line":260,"column":0},"end":{"line":260,"column":9}},"260":{"start":{"line":261,"column":0},"end":{"line":261,"column":15}},"261":{"start":{"line":262,"column":0},"end":{"line":262,"column":48}},"262":{"start":{"line":263,"column":0},"end":{"line":263,"column":27}},"263":{"start":{"line":264,"column":0},"end":{"line":264,"column":37}},"264":{"start":{"line":265,"column":0},"end":{"line":265,"column":9}},"265":{"start":{"line":266,"column":0},"end":{"line":266,"column":8}},"266":{"start":{"line":267,"column":0},"end":{"line":267,"column":0}},"267":{"start":{"line":268,"column":0},"end":{"line":268,"column":9}},"268":{"start":{"line":269,"column":0},"end":{"line":269,"column":66}},"269":{"start":{"line":270,"column":0},"end":{"line":270,"column":8}},"270":{"start":{"line":271,"column":0},"end":{"line":271,"column":68}},"271":{"start":{"line":272,"column":0},"end":{"line":272,"column":9}},"272":{"start":{"line":273,"column":0},"end":{"line":273,"column":37}},"273":{"start":{"line":274,"column":0},"end":{"line":274,"column":34}},"274":{"start":{"line":275,"column":0},"end":{"line":275,"column":17}},"275":{"start":{"line":276,"column":0},"end":{"line":276,"column":9}},"276":{"start":{"line":277,"column":0},"end":{"line":277,"column":0}},"277":{"start":{"line":278,"column":0},"end":{"line":278,"column":26}},"278":{"start":{"line":279,"column":0},"end":{"line":279,"column":48}},"279":{"start":{"line":280,"column":0},"end":{"line":280,"column":49}},"280":{"start":{"line":281,"column":0},"end":{"line":281,"column":42}},"281":{"start":{"line":282,"column":0},"end":{"line":282,"column":9}},"282":{"start":{"line":283,"column":0},"end":{"line":283,"column":71}},"283":{"start":{"line":284,"column":0},"end":{"line":284,"column":49}},"284":{"start":{"line":285,"column":0},"end":{"line":285,"column":114}},"285":{"start":{"line":286,"column":0},"end":{"line":286,"column":9}},"286":{"start":{"line":287,"column":0},"end":{"line":287,"column":8}},"287":{"start":{"line":288,"column":0},"end":{"line":288,"column":0}},"288":{"start":{"line":289,"column":0},"end":{"line":289,"column":9}},"289":{"start":{"line":290,"column":0},"end":{"line":290,"column":26}},"290":{"start":{"line":291,"column":0},"end":{"line":291,"column":9}},"291":{"start":{"line":292,"column":0},"end":{"line":292,"column":19}},"292":{"start":{"line":293,"column":0},"end":{"line":293,"column":33}},"293":{"start":{"line":294,"column":0},"end":{"line":294,"column":17}},"294":{"start":{"line":295,"column":0},"end":{"line":295,"column":9}},"295":{"start":{"line":296,"column":0},"end":{"line":296,"column":0}},"296":{"start":{"line":297,"column":0},"end":{"line":297,"column":25}},"297":{"start":{"line":298,"column":0},"end":{"line":298,"column":51}},"298":{"start":{"line":299,"column":0},"end":{"line":299,"column":23}},"299":{"start":{"line":300,"column":0},"end":{"line":300,"column":70}},"300":{"start":{"line":301,"column":0},"end":{"line":301,"column":49}},"301":{"start":{"line":302,"column":0},"end":{"line":302,"column":11}},"302":{"start":{"line":303,"column":0},"end":{"line":303,"column":9}},"303":{"start":{"line":304,"column":0},"end":{"line":304,"column":8}},"304":{"start":{"line":305,"column":0},"end":{"line":305,"column":0}},"305":{"start":{"line":306,"column":0},"end":{"line":306,"column":9}},"306":{"start":{"line":307,"column":0},"end":{"line":307,"column":51}},"307":{"start":{"line":308,"column":0},"end":{"line":308,"column":8}},"308":{"start":{"line":309,"column":0},"end":{"line":309,"column":123}},"309":{"start":{"line":310,"column":0},"end":{"line":310,"column":79}},"310":{"start":{"line":311,"column":0},"end":{"line":311,"column":61}},"311":{"start":{"line":312,"column":0},"end":{"line":312,"column":9}},"312":{"start":{"line":313,"column":0},"end":{"line":313,"column":42}},"313":{"start":{"line":314,"column":0},"end":{"line":314,"column":56}},"314":{"start":{"line":315,"column":0},"end":{"line":315,"column":46}},"315":{"start":{"line":316,"column":0},"end":{"line":316,"column":33}},"316":{"start":{"line":317,"column":0},"end":{"line":317,"column":22}},"317":{"start":{"line":318,"column":0},"end":{"line":318,"column":23}},"318":{"start":{"line":319,"column":0},"end":{"line":319,"column":62}},"319":{"start":{"line":320,"column":0},"end":{"line":320,"column":41}},"320":{"start":{"line":321,"column":0},"end":{"line":321,"column":11}},"321":{"start":{"line":322,"column":0},"end":{"line":322,"column":10}},"322":{"start":{"line":323,"column":0},"end":{"line":323,"column":8}},"323":{"start":{"line":324,"column":0},"end":{"line":324,"column":6}},"324":{"start":{"line":325,"column":0},"end":{"line":325,"column":4}},"325":{"start":{"line":326,"column":0},"end":{"line":326,"column":0}},"326":{"start":{"line":327,"column":0},"end":{"line":327,"column":32}},"327":{"start":{"line":328,"column":0},"end":{"line":328,"column":0}},"328":{"start":{"line":329,"column":0},"end":{"line":329,"column":22}},"329":{"start":{"line":330,"column":0},"end":{"line":330,"column":2}},"330":{"start":{"line":331,"column":0},"end":{"line":331,"column":0}},"331":{"start":{"line":332,"column":0},"end":{"line":332,"column":44}}},"s":{"0":2,"1":2,"2":2,"3":2,"4":2,"5":2,"6":2,"7":2,"8":2,"9":2,"10":2,"11":2,"12":2,"13":500084,"14":500081,"15":500084,"16":3,"17":3,"18":2,"19":2,"20":2,"21":2,"22":2,"23":2,"24":2,"25":2,"26":2,"27":2,"28":2,"29":2,"30":2,"31":2,"32":2,"33":2,"34":2,"35":2,"36":2,"37":2,"38":2,"39":2,"40":2,"41":2,"42":2,"43":2,"44":2,"45":2,"46":2,"47":2,"48":2,"49":2,"50":2,"51":2,"52":2,"53":2,"54":2,"55":2,"56":2,"57":2,"58":2,"59":2,"60":2,"61":50,"62":50,"63":50,"64":50,"65":2,"66":2,"67":2,"68":2,"69":4,"70":4,"71":4,"72":2,"73":2,"74":2,"75":8,"76":8,"77":8,"78":8,"79":8,"80":4,"81":4,"82":4,"83":2,"84":1,"85":1,"86":1,"87":1,"88":1,"89":50,"90":48,"91":48,"92":48,"93":48,"94":50,"95":23,"96":23,"97":23,"98":23,"99":23,"100":23,"101":50,"102":15,"103":15,"104":15,"105":15,"106":15,"107":50,"108":10,"109":42,"110":9,"111":9,"112":9,"113":9,"114":2,"115":2,"116":2,"117":2,"118":2,"119":2,"120":2,"121":2,"122":2,"123":2,"124":2,"125":2,"126":2,"127":500019,"128":500019,"129":500019,"130":500019,"131":500019,"132":500007,"133":500019,"134":12,"135":12,"136":12,"137":12,"138":16,"139":11,"140":11,"141":16,"142":16,"143":10,"144":10,"145":10,"146":2,"147":2,"148":2,"149":2,"150":2,"151":2,"152":2,"153":2,"154":2,"155":2,"156":2,"157":2,"158":3,"159":3,"160":3,"161":3,"162":3,"163":3,"164":3,"165":3,"166":2,"167":3,"168":2,"169":2,"170":2,"171":2,"172":2,"173":2,"174":2,"175":2,"176":2,"177":2,"178":2,"179":2,"180":3,"181":2,"182":3,"183":1,"184":1,"185":1,"186":1,"187":3,"188":3,"189":2,"190":2,"191":2,"192":2,"193":2,"194":2,"195":2,"196":2,"197":2,"198":2,"199":2,"200":2,"201":2,"202":2,"203":2,"204":2,"205":2,"206":2,"207":2,"208":2,"209":1,"210":1,"211":1,"212":1,"213":1,"214":1,"215":0,"216":0,"217":0,"218":0,"219":2,"220":1,"221":4,"222":4,"223":4,"224":0,"225":4,"226":4,"227":4,"228":4,"229":4,"230":2,"231":4,"232":4,"233":4,"234":4,"235":4,"236":4,"237":4,"238":2,"239":2,"240":0,"241":0,"242":2,"243":1,"244":1,"245":1,"246":1,"247":1,"248":1,"249":3,"250":3,"251":3,"252":1,"253":1,"254":1,"255":3,"256":3,"257":3,"258":3,"259":3,"260":3,"261":3,"262":1,"263":1,"264":1,"265":1,"266":1,"267":1,"268":1,"269":1,"270":1,"271":1,"272":4,"273":3,"274":3,"275":3,"276":3,"277":4,"278":4,"279":4,"280":4,"281":4,"282":4,"283":0,"284":1,"285":3,"286":3,"287":3,"288":3,"289":3,"290":1,"291":2,"292":2,"293":2,"294":2,"295":2,"296":2,"297":2,"298":2,"299":1,"300":1,"301":1,"302":1,"303":1,"304":1,"305":1,"306":1,"307":1,"308":1,"309":1,"310":1,"311":1,"312":1,"313":1,"314":1,"315":1,"316":1,"317":1,"318":1,"319":1,"320":1,"321":2,"322":2,"323":2,"324":2,"325":2,"326":1,"327":1,"328":1,"329":1,"330":1,"331":1},"branchMap":{"0":{"type":"branch","line":1,"loc":{"start":{"line":1,"column":0},"end":{"line":327,"column":24}},"locations":[{"start":{"line":1,"column":0},"end":{"line":327,"column":24}}]},"1":{"type":"branch","line":13,"loc":{"start":{"line":13,"column":24},"end":{"line":19,"column":1}},"locations":[{"start":{"line":13,"column":24},"end":{"line":19,"column":1}}]},"2":{"type":"branch","line":14,"loc":{"start":{"line":14,"column":26},"end":{"line":16,"column":19}},"locations":[{"start":{"line":14,"column":26},"end":{"line":16,"column":19}}]},"3":{"type":"branch","line":16,"loc":{"start":{"line":16,"column":19},"end":{"line":19,"column":0}},"locations":[{"start":{"line":16,"column":19},"end":{"line":19,"column":0}}]},"4":{"type":"branch","line":30,"loc":{"start":{"line":30,"column":16},"end":{"line":33,"column":15}},"locations":[{"start":{"line":30,"column":16},"end":{"line":33,"column":15}}]},"5":{"type":"branch","line":31,"loc":{"start":{"line":31,"column":11},"end":{"line":33,"column":14}},"locations":[{"start":{"line":31,"column":11},"end":{"line":33,"column":14}}]},"6":{"type":"branch","line":42,"loc":{"start":{"line":42,"column":24},"end":{"line":48,"column":4}},"locations":[{"start":{"line":42,"column":24},"end":{"line":48,"column":4}}]},"7":{"type":"branch","line":42,"loc":{"start":{"line":42,"column":67},"end":{"line":48,"column":3}},"locations":[{"start":{"line":42,"column":67},"end":{"line":48,"column":3}}]},"8":{"type":"branch","line":61,"loc":{"start":{"line":61,"column":4},"end":{"line":115,"column":63}},"locations":[{"start":{"line":61,"column":4},"end":{"line":115,"column":63}}]},"9":{"type":"branch","line":65,"loc":{"start":{"line":65,"column":8},"end":{"line":90,"column":16}},"locations":[{"start":{"line":65,"column":8},"end":{"line":90,"column":16}}]},"10":{"type":"branch","line":75,"loc":{"start":{"line":75,"column":13},"end":{"line":84,"column":5}},"locations":[{"start":{"line":75,"column":13},"end":{"line":84,"column":5}}]},"11":{"type":"branch","line":80,"loc":{"start":{"line":80,"column":-1},"end":{"line":80,"column":18}},"locations":[{"start":{"line":80,"column":-1},"end":{"line":80,"column":18}}]},"12":{"type":"branch","line":80,"loc":{"start":{"line":80,"column":20},"end":{"line":83,"column":14}},"locations":[{"start":{"line":80,"column":20},"end":{"line":83,"column":14}}]},"13":{"type":"branch","line":85,"loc":{"start":{"line":85,"column":0},"end":{"line":90,"column":16}},"locations":[{"start":{"line":85,"column":0},"end":{"line":90,"column":16}}]},"14":{"type":"branch","line":90,"loc":{"start":{"line":90,"column":16},"end":{"line":95,"column":10}},"locations":[{"start":{"line":90,"column":16},"end":{"line":95,"column":10}}]},"15":{"type":"branch","line":95,"loc":{"start":{"line":95,"column":10},"end":{"line":101,"column":42}},"locations":[{"start":{"line":95,"column":10},"end":{"line":101,"column":42}}]},"16":{"type":"branch","line":100,"loc":{"start":{"line":100,"column":45},"end":{"line":101,"column":19}},"locations":[{"start":{"line":100,"column":45},"end":{"line":101,"column":19}}]},"17":{"type":"branch","line":102,"loc":{"start":{"line":102,"column":-1},"end":{"line":102,"column":16}},"locations":[{"start":{"line":102,"column":-1},"end":{"line":102,"column":16}}]},"18":{"type":"branch","line":102,"loc":{"start":{"line":102,"column":16},"end":{"line":108,"column":9}},"locations":[{"start":{"line":102,"column":16},"end":{"line":108,"column":9}}]},"19":{"type":"branch","line":108,"loc":{"start":{"line":108,"column":9},"end":{"line":115,"column":62}},"locations":[{"start":{"line":108,"column":9},"end":{"line":115,"column":62}}]},"20":{"type":"branch","line":108,"loc":{"start":{"line":108,"column":9},"end":{"line":110,"column":9}},"locations":[{"start":{"line":108,"column":9},"end":{"line":110,"column":9}}]},"21":{"type":"branch","line":110,"loc":{"start":{"line":110,"column":9},"end":{"line":115,"column":0}},"locations":[{"start":{"line":110,"column":9},"end":{"line":115,"column":0}}]},"22":{"type":"branch","line":115,"loc":{"start":{"line":115,"column":0},"end":{"line":115,"column":62}},"locations":[{"start":{"line":115,"column":0},"end":{"line":115,"column":62}}]},"23":{"type":"branch","line":69,"loc":{"start":{"line":69,"column":21},"end":{"line":73,"column":21}},"locations":[{"start":{"line":69,"column":21},"end":{"line":73,"column":21}}]},"24":{"type":"branch","line":72,"loc":{"start":{"line":72,"column":5},"end":{"line":72,"column":14}},"locations":[{"start":{"line":72,"column":5},"end":{"line":72,"column":14}}]},"25":{"type":"branch","line":72,"loc":{"start":{"line":72,"column":16},"end":{"line":73,"column":15}},"locations":[{"start":{"line":72,"column":16},"end":{"line":73,"column":15}}]},"26":{"type":"branch","line":127,"loc":{"start":{"line":127,"column":20},"end":{"line":147,"column":26}},"locations":[{"start":{"line":127,"column":20},"end":{"line":147,"column":26}}]},"27":{"type":"branch","line":132,"loc":{"start":{"line":132,"column":19},"end":{"line":134,"column":8}},"locations":[{"start":{"line":132,"column":19},"end":{"line":134,"column":8}}]},"28":{"type":"branch","line":134,"loc":{"start":{"line":134,"column":8},"end":{"line":147,"column":25}},"locations":[{"start":{"line":134,"column":8},"end":{"line":147,"column":25}}]},"29":{"type":"branch","line":134,"loc":{"start":{"line":134,"column":8},"end":{"line":139,"column":20}},"locations":[{"start":{"line":134,"column":8},"end":{"line":139,"column":20}}]},"30":{"type":"branch","line":139,"loc":{"start":{"line":139,"column":20},"end":{"line":142,"column":34}},"locations":[{"start":{"line":139,"column":20},"end":{"line":142,"column":34}}]},"31":{"type":"branch","line":142,"loc":{"start":{"line":142,"column":34},"end":{"line":143,"column":22}},"locations":[{"start":{"line":142,"column":34},"end":{"line":143,"column":22}}]},"32":{"type":"branch","line":143,"loc":{"start":{"line":143,"column":22},"end":{"line":147,"column":10}},"locations":[{"start":{"line":143,"column":22},"end":{"line":147,"column":10}}]},"33":{"type":"branch","line":147,"loc":{"start":{"line":147,"column":10},"end":{"line":147,"column":25}},"locations":[{"start":{"line":147,"column":10},"end":{"line":147,"column":25}}]},"34":{"type":"branch","line":158,"loc":{"start":{"line":158,"column":26},"end":{"line":169,"column":24}},"locations":[{"start":{"line":158,"column":26},"end":{"line":169,"column":24}}]},"35":{"type":"branch","line":166,"loc":{"start":{"line":166,"column":1},"end":{"line":168,"column":59}},"locations":[{"start":{"line":166,"column":1},"end":{"line":168,"column":59}}]},"36":{"type":"branch","line":169,"loc":{"start":{"line":169,"column":7},"end":{"line":169,"column":23}},"locations":[{"start":{"line":169,"column":7},"end":{"line":169,"column":23}}]},"37":{"type":"branch","line":180,"loc":{"start":{"line":180,"column":26},"end":{"line":190,"column":23}},"locations":[{"start":{"line":180,"column":26},"end":{"line":190,"column":23}}]},"38":{"type":"branch","line":181,"loc":{"start":{"line":181,"column":20},"end":{"line":183,"column":11}},"locations":[{"start":{"line":181,"column":20},"end":{"line":183,"column":11}}]},"39":{"type":"branch","line":183,"loc":{"start":{"line":183,"column":11},"end":{"line":188,"column":7}},"locations":[{"start":{"line":183,"column":11},"end":{"line":188,"column":7}}]},"40":{"type":"branch","line":203,"loc":{"start":{"line":203,"column":57},"end":{"line":322,"column":9}},"locations":[{"start":{"line":203,"column":57},"end":{"line":322,"column":9}}]},"41":{"type":"branch","line":207,"loc":{"start":{"line":207,"column":5},"end":{"line":208,"column":4}},"locations":[{"start":{"line":207,"column":5},"end":{"line":208,"column":4}}]},"42":{"type":"branch","line":210,"loc":{"start":{"line":210,"column":0},"end":{"line":215,"column":37}},"locations":[{"start":{"line":210,"column":0},"end":{"line":215,"column":37}}]},"43":{"type":"branch","line":216,"loc":{"start":{"line":216,"column":-1},"end":{"line":220,"column":1}},"locations":[{"start":{"line":216,"column":-1},"end":{"line":220,"column":1}}]},"44":{"type":"branch","line":220,"loc":{"start":{"line":220,"column":1},"end":{"line":322,"column":8}},"locations":[{"start":{"line":220,"column":1},"end":{"line":322,"column":8}}]},"45":{"type":"branch","line":221,"loc":{"start":{"line":221,"column":10},"end":{"line":244,"column":6}},"locations":[{"start":{"line":221,"column":10},"end":{"line":244,"column":6}}]},"46":{"type":"branch","line":224,"loc":{"start":{"line":224,"column":4},"end":{"line":226,"column":0}},"locations":[{"start":{"line":224,"column":4},"end":{"line":226,"column":0}}]},"47":{"type":"branch","line":230,"loc":{"start":{"line":230,"column":6},"end":{"line":232,"column":15}},"locations":[{"start":{"line":230,"column":6},"end":{"line":232,"column":15}}]},"48":{"type":"branch","line":238,"loc":{"start":{"line":238,"column":3},"end":{"line":244,"column":2}},"locations":[{"start":{"line":238,"column":3},"end":{"line":244,"column":2}}]},"49":{"type":"branch","line":240,"loc":{"start":{"line":240,"column":28},"end":{"line":243,"column":19}},"locations":[{"start":{"line":240,"column":28},"end":{"line":243,"column":19}}]},"50":{"type":"branch","line":249,"loc":{"start":{"line":249,"column":2},"end":{"line":253,"column":1}},"locations":[{"start":{"line":249,"column":2},"end":{"line":253,"column":1}}]},"51":{"type":"branch","line":255,"loc":{"start":{"line":255,"column":42},"end":{"line":263,"column":1}},"locations":[{"start":{"line":255,"column":42},"end":{"line":263,"column":1}}]},"52":{"type":"branch","line":261,"loc":{"start":{"line":261,"column":9},"end":{"line":262,"column":42}},"locations":[{"start":{"line":261,"column":9},"end":{"line":262,"column":42}}]},"53":{"type":"branch","line":271,"loc":{"start":{"line":271,"column":10},"end":{"line":285,"column":50}},"locations":[{"start":{"line":271,"column":10},"end":{"line":285,"column":50}}]},"54":{"type":"branch","line":272,"loc":{"start":{"line":272,"column":-1},"end":{"line":273,"column":18}},"locations":[{"start":{"line":272,"column":-1},"end":{"line":273,"column":18}}]},"55":{"type":"branch","line":273,"loc":{"start":{"line":273,"column":18},"end":{"line":278,"column":25}},"locations":[{"start":{"line":273,"column":18},"end":{"line":278,"column":25}}]},"56":{"type":"branch","line":278,"loc":{"start":{"line":278,"column":25},"end":{"line":279,"column":13}},"locations":[{"start":{"line":278,"column":25},"end":{"line":279,"column":13}}]},"57":{"type":"branch","line":279,"loc":{"start":{"line":279,"column":15},"end":{"line":280,"column":20}},"locations":[{"start":{"line":279,"column":15},"end":{"line":280,"column":20}}]},"58":{"type":"branch","line":280,"loc":{"start":{"line":280,"column":20},"end":{"line":281,"column":28}},"locations":[{"start":{"line":280,"column":20},"end":{"line":281,"column":28}}]},"59":{"type":"branch","line":281,"loc":{"start":{"line":281,"column":28},"end":{"line":281,"column":34}},"locations":[{"start":{"line":281,"column":28},"end":{"line":281,"column":34}}]},"60":{"type":"branch","line":281,"loc":{"start":{"line":281,"column":35},"end":{"line":281,"column":40}},"locations":[{"start":{"line":281,"column":35},"end":{"line":281,"column":40}}]},"61":{"type":"branch","line":283,"loc":{"start":{"line":283,"column":21},"end":{"line":283,"column":36}},"locations":[{"start":{"line":283,"column":21},"end":{"line":283,"column":36}}]},"62":{"type":"branch","line":283,"loc":{"start":{"line":283,"column":38},"end":{"line":285,"column":42}},"locations":[{"start":{"line":283,"column":38},"end":{"line":285,"column":42}}]},"63":{"type":"branch","line":285,"loc":{"start":{"line":285,"column":112},"end":{"line":300,"column":68}},"locations":[{"start":{"line":285,"column":112},"end":{"line":300,"column":68}}]},"64":{"type":"branch","line":290,"loc":{"start":{"line":290,"column":7},"end":{"line":291,"column":9}},"locations":[{"start":{"line":290,"column":7},"end":{"line":291,"column":9}}]},"65":{"type":"branch","line":292,"loc":{"start":{"line":292,"column":-1},"end":{"line":300,"column":60}},"locations":[{"start":{"line":292,"column":-1},"end":{"line":300,"column":60}}]},"66":{"type":"branch","line":311,"loc":{"start":{"line":311,"column":9},"end":{"line":319,"column":53}},"locations":[{"start":{"line":311,"column":9},"end":{"line":319,"column":53}}]},"67":{"type":"branch","line":315,"loc":{"start":{"line":315,"column":14},"end":{"line":319,"column":44}},"locations":[{"start":{"line":315,"column":14},"end":{"line":319,"column":44}}]}},"b":{"0":[2],"1":[500084],"2":[500081],"3":[3],"4":[2],"5":[2],"6":[2],"7":[2],"8":[50],"9":[2],"10":[8],"11":[4],"12":[4],"13":[1],"14":[48],"15":[23],"16":[3],"17":[25],"18":[15],"19":[42],"20":[10],"21":[9],"22":[10],"23":[4],"24":[1],"25":[1],"26":[500019],"27":[500007],"28":[16],"29":[12],"30":[11],"31":[12],"32":[10],"33":[12],"34":[3],"35":[2],"36":[0],"37":[3],"38":[2],"39":[1],"40":[2],"41":[1],"42":[1],"43":[0],"44":[1],"45":[4],"46":[0],"47":[2],"48":[2],"49":[0],"50":[3],"51":[3],"52":[1],"53":[4],"54":[1],"55":[3],"56":[1],"57":[0],"58":[3],"59":[2],"60":[1],"61":[1],"62":[0],"63":[3],"64":[1],"65":[2],"66":[1],"67":[1]},"fnMap":{"0":{"name":"getRefMap","decl":{"start":{"line":13,"column":24},"end":{"line":19,"column":1}},"loc":{"start":{"line":13,"column":24},"end":{"line":19,"column":1}},"line":13},"1":{"name":"whenRef","decl":{"start":{"line":30,"column":16},"end":{"line":33,"column":15}},"loc":{"start":{"line":30,"column":16},"end":{"line":33,"column":15}},"line":30},"2":{"name":"whenRefRemoved","decl":{"start":{"line":42,"column":24},"end":{"line":48,"column":4}},"loc":{"start":{"line":42,"column":24},"end":{"line":48,"column":4}},"line":42},"3":{"name":"getRef","decl":{"start":{"line":61,"column":4},"end":{"line":115,"column":63}},"loc":{"start":{"line":61,"column":4},"end":{"line":115,"column":63}},"line":61},"4":{"name":"agetter","decl":{"start":{"line":69,"column":21},"end":{"line":73,"column":21}},"loc":{"start":{"line":69,"column":21},"end":{"line":73,"column":21}},"line":69},"5":{"name":"setRef","decl":{"start":{"line":127,"column":20},"end":{"line":147,"column":26}},"loc":{"start":{"line":127,"column":20},"end":{"line":147,"column":26}},"line":127},"6":{"name":"removeRef","decl":{"start":{"line":158,"column":26},"end":{"line":169,"column":24}},"loc":{"start":{"line":158,"column":26},"end":{"line":169,"column":24}},"line":158},"7":{"name":"createRefType","decl":{"start":{"line":180,"column":26},"end":{"line":190,"column":23}},"loc":{"start":{"line":180,"column":26},"end":{"line":190,"column":23}},"line":180},"8":{"name":"observeRef","decl":{"start":{"line":203,"column":57},"end":{"line":322,"column":9}},"loc":{"start":{"line":203,"column":57},"end":{"line":322,"column":9}},"line":203},"9":{"name":"signal","decl":{"start":{"line":221,"column":10},"end":{"line":244,"column":6}},"loc":{"start":{"line":221,"column":10},"end":{"line":244,"column":6}},"line":221},"10":{"name":"get value","decl":{"start":{"line":249,"column":2},"end":{"line":253,"column":1}},"loc":{"start":{"line":249,"column":2},"end":{"line":253,"column":1}},"line":249},"11":{"name":"flush","decl":{"start":{"line":255,"column":42},"end":{"line":263,"column":1}},"loc":{"start":{"line":255,"column":42},"end":{"line":263,"column":1}},"line":255},"12":{"name":"start","decl":{"start":{"line":271,"column":10},"end":{"line":285,"column":50}},"loc":{"start":{"line":271,"column":10},"end":{"line":285,"column":50}},"line":271},"13":{"name":"stop","decl":{"start":{"line":285,"column":112},"end":{"line":300,"column":68}},"loc":{"start":{"line":285,"column":112},"end":{"line":300,"column":68}},"line":285},"14":{"name":"addListener","decl":{"start":{"line":311,"column":9},"end":{"line":319,"column":53}},"loc":{"start":{"line":311,"column":9},"end":{"line":319,"column":53}},"line":311}},"f":{"0":500084,"1":2,"2":2,"3":50,"4":4,"5":500019,"6":3,"7":3,"8":2,"9":4,"10":3,"11":3,"12":4,"13":3,"14":1}}
,"/Users/mantolo/gitrepo/@sonice/ref-central/proxy.js": {"path":"/Users/mantolo/gitrepo/@sonice/ref-central/proxy.js","all":false,"statementMap":{"0":{"start":{"line":1,"column":0},"end":{"line":1,"column":65}},"1":{"start":{"line":2,"column":0},"end":{"line":2,"column":0}},"2":{"start":{"line":3,"column":0},"end":{"line":3,"column":31}},"3":{"start":{"line":4,"column":0},"end":{"line":4,"column":0}},"4":{"start":{"line":5,"column":0},"end":{"line":5,"column":23}},"5":{"start":{"line":6,"column":0},"end":{"line":6,"column":24}},"6":{"start":{"line":7,"column":0},"end":{"line":7,"column":27}},"7":{"start":{"line":8,"column":0},"end":{"line":8,"column":3}},"8":{"start":{"line":9,"column":0},"end":{"line":9,"column":0}},"9":{"start":{"line":10,"column":0},"end":{"line":10,"column":18}},"10":{"start":{"line":11,"column":0},"end":{"line":11,"column":44}},"11":{"start":{"line":12,"column":0},"end":{"line":12,"column":3}},"12":{"start":{"line":13,"column":0},"end":{"line":13,"column":0}},"13":{"start":{"line":14,"column":0},"end":{"line":14,"column":25}},"14":{"start":{"line":15,"column":0},"end":{"line":15,"column":50}},"15":{"start":{"line":16,"column":0},"end":{"line":16,"column":16}},"16":{"start":{"line":17,"column":0},"end":{"line":17,"column":3}},"17":{"start":{"line":18,"column":0},"end":{"line":18,"column":0}},"18":{"start":{"line":19,"column":0},"end":{"line":19,"column":17}},"19":{"start":{"line":20,"column":0},"end":{"line":20,"column":52}},"20":{"start":{"line":21,"column":0},"end":{"line":21,"column":3}},"21":{"start":{"line":22,"column":0},"end":{"line":22,"column":0}},"22":{"start":{"line":23,"column":0},"end":{"line":23,"column":29}},"23":{"start":{"line":24,"column":0},"end":{"line":24,"column":22}},"24":{"start":{"line":25,"column":0},"end":{"line":25,"column":23}},"25":{"start":{"line":26,"column":0},"end":{"line":26,"column":36}},"26":{"start":{"line":27,"column":0},"end":{"line":27,"column":18}},"27":{"start":{"line":28,"column":0},"end":{"line":28,"column":5}},"28":{"start":{"line":29,"column":0},"end":{"line":29,"column":17}},"29":{"start":{"line":30,"column":0},"end":{"line":30,"column":3}},"30":{"start":{"line":31,"column":0},"end":{"line":31,"column":1}},"31":{"start":{"line":32,"column":0},"end":{"line":32,"column":0}},"32":{"start":{"line":33,"column":0},"end":{"line":33,"column":3}},"33":{"start":{"line":34,"column":0},"end":{"line":34,"column":95}},"34":{"start":{"line":35,"column":0},"end":{"line":35,"column":2}},"35":{"start":{"line":36,"column":0},"end":{"line":36,"column":62}},"36":{"start":{"line":37,"column":0},"end":{"line":37,"column":120}},"37":{"start":{"line":38,"column":0},"end":{"line":38,"column":55}},"38":{"start":{"line":39,"column":0},"end":{"line":39,"column":3}},"39":{"start":{"line":40,"column":0},"end":{"line":40,"column":72}},"40":{"start":{"line":41,"column":0},"end":{"line":41,"column":27}},"41":{"start":{"line":42,"column":0},"end":{"line":42,"column":34}},"42":{"start":{"line":43,"column":0},"end":{"line":43,"column":3}},"43":{"start":{"line":44,"column":0},"end":{"line":44,"column":0}},"44":{"start":{"line":45,"column":0},"end":{"line":45,"column":29}},"45":{"start":{"line":46,"column":0},"end":{"line":46,"column":32}},"46":{"start":{"line":47,"column":0},"end":{"line":47,"column":3}},"47":{"start":{"line":48,"column":0},"end":{"line":48,"column":0}},"48":{"start":{"line":49,"column":0},"end":{"line":49,"column":64}},"49":{"start":{"line":50,"column":0},"end":{"line":50,"column":30}},"50":{"start":{"line":51,"column":0},"end":{"line":51,"column":0}},"51":{"start":{"line":52,"column":0},"end":{"line":52,"column":15}},"52":{"start":{"line":53,"column":0},"end":{"line":53,"column":2}}},"s":{"0":2,"1":5,"2":5,"3":2,"4":2,"5":4,"6":2,"7":500003,"8":500003,"9":500003,"10":500003,"11":500003,"12":500003,"13":2,"14":0,"15":2,"16":2,"17":2,"18":2,"19":2,"20":1,"21":1,"22":1,"23":1,"24":1,"25":2,"26":2,"27":2,"28":2,"29":2,"30":2,"31":2,"32":2,"33":2,"34":2,"35":2,"36":2,"37":2,"38":6,"39":6,"40":6,"41":6,"42":5,"43":5,"44":5,"45":5,"46":5,"47":5,"48":1,"49":1,"50":1,"51":1,"52":1},"branchMap":{"0":{"type":"branch","line":1,"loc":{"start":{"line":1,"column":0},"end":{"line":49,"column":34}},"locations":[{"start":{"line":1,"column":0},"end":{"line":49,"column":34}}]},"1":{"type":"branch","line":1,"loc":{"start":{"line":1,"column":44},"end":{"line":3,"column":31}},"locations":[{"start":{"line":1,"column":44},"end":{"line":3,"column":31}}]},"2":{"type":"branch","line":5,"loc":{"start":{"line":5,"column":2},"end":{"line":7,"column":18}},"locations":[{"start":{"line":5,"column":2},"end":{"line":7,"column":18}}]},"3":{"type":"branch","line":7,"loc":{"start":{"line":7,"column":22},"end":{"line":14,"column":15}},"locations":[{"start":{"line":7,"column":22},"end":{"line":14,"column":15}}]},"4":{"type":"branch","line":17,"loc":{"start":{"line":17,"column":1},"end":{"line":26,"column":1}},"locations":[{"start":{"line":17,"column":1},"end":{"line":26,"column":1}}]},"5":{"type":"branch","line":20,"loc":{"start":{"line":20,"column":27},"end":{"line":26,"column":0}},"locations":[{"start":{"line":20,"column":27},"end":{"line":26,"column":0}}]},"6":{"type":"branch","line":38,"loc":{"start":{"line":38,"column":8},"end":{"line":49,"column":32}},"locations":[{"start":{"line":38,"column":8},"end":{"line":49,"column":32}}]},"7":{"type":"branch","line":40,"loc":{"start":{"line":40,"column":17},"end":{"line":40,"column":57}},"locations":[{"start":{"line":40,"column":17},"end":{"line":40,"column":57}}]},"8":{"type":"branch","line":41,"loc":{"start":{"line":41,"column":14},"end":{"line":42,"column":24}},"locations":[{"start":{"line":41,"column":14},"end":{"line":42,"column":24}}]},"9":{"type":"branch","line":42,"loc":{"start":{"line":42,"column":24},"end":{"line":49,"column":31}},"locations":[{"start":{"line":42,"column":24},"end":{"line":49,"column":31}}]}},"b":{"0":[2],"1":[5],"2":[4],"3":[500003],"4":[2],"5":[1],"6":[6],"7":[0],"8":[1],"9":[5]},"fnMap":{"0":{"name":"RefProxyHandler","decl":{"start":{"line":1,"column":44},"end":{"line":3,"column":31}},"loc":{"start":{"line":1,"column":44},"end":{"line":3,"column":31}},"line":1},"1":{"name":"get","decl":{"start":{"line":5,"column":2},"end":{"line":7,"column":18}},"loc":{"start":{"line":5,"column":2},"end":{"line":7,"column":18}},"line":5},"2":{"name":"set","decl":{"start":{"line":7,"column":22},"end":{"line":14,"column":15}},"loc":{"start":{"line":7,"column":22},"end":{"line":14,"column":15}},"line":7},"3":{"name":"has","decl":{"start":{"line":14,"column":19},"end":{"line":16,"column":14}},"loc":{"start":{"line":14,"column":19},"end":{"line":16,"column":14}},"line":14},"4":{"name":"deleteProperty","decl":{"start":{"line":17,"column":1},"end":{"line":26,"column":1}},"loc":{"start":{"line":17,"column":1},"end":{"line":26,"column":1}},"line":17},"5":{"name":"createRefProxy","decl":{"start":{"line":38,"column":8},"end":{"line":49,"column":32}},"loc":{"start":{"line":38,"column":8},"end":{"line":49,"column":32}},"line":38}},"f":{"0":5,"1":4,"2":500003,"3":0,"4":2,"5":6}}
}
