{"/Users/mantolo/gitrepo/@sonice/ref-central/index.js": {"path":"/Users/mantolo/gitrepo/@sonice/ref-central/index.js","all":false,"statementMap":{"0":{"start":{"line":1,"column":0},"end":{"line":1,"column":29}},"1":{"start":{"line":2,"column":0},"end":{"line":2,"column":22}},"2":{"start":{"line":3,"column":0},"end":{"line":3,"column":28}},"3":{"start":{"line":4,"column":0},"end":{"line":4,"column":0}},"4":{"start":{"line":5,"column":0},"end":{"line":5,"column":18}},"5":{"start":{"line":6,"column":0},"end":{"line":6,"column":25}},"6":{"start":{"line":7,"column":0},"end":{"line":7,"column":9}},"7":{"start":{"line":8,"column":0},"end":{"line":8,"column":2}},"8":{"start":{"line":9,"column":0},"end":{"line":9,"column":0}},"9":{"start":{"line":10,"column":0},"end":{"line":10,"column":3}},"10":{"start":{"line":11,"column":0},"end":{"line":11,"column":29}},"11":{"start":{"line":12,"column":0},"end":{"line":12,"column":2}},"12":{"start":{"line":13,"column":0},"end":{"line":13,"column":38}},"13":{"start":{"line":14,"column":0},"end":{"line":14,"column":40}},"14":{"start":{"line":15,"column":0},"end":{"line":15,"column":3}},"15":{"start":{"line":16,"column":0},"end":{"line":16,"column":37}},"16":{"start":{"line":17,"column":0},"end":{"line":17,"column":32}},"17":{"start":{"line":18,"column":0},"end":{"line":18,"column":35}},"18":{"start":{"line":19,"column":0},"end":{"line":19,"column":3}},"19":{"start":{"line":20,"column":0},"end":{"line":20,"column":0}},"20":{"start":{"line":21,"column":0},"end":{"line":21,"column":24}},"21":{"start":{"line":22,"column":0},"end":{"line":22,"column":31}},"22":{"start":{"line":23,"column":0},"end":{"line":23,"column":0}},"23":{"start":{"line":24,"column":0},"end":{"line":24,"column":13}},"24":{"start":{"line":25,"column":0},"end":{"line":25,"column":2}},"25":{"start":{"line":26,"column":0},"end":{"line":26,"column":0}},"26":{"start":{"line":27,"column":0},"end":{"line":27,"column":3}},"27":{"start":{"line":28,"column":0},"end":{"line":28,"column":32}},"28":{"start":{"line":29,"column":0},"end":{"line":29,"column":2}},"29":{"start":{"line":30,"column":0},"end":{"line":30,"column":60}},"30":{"start":{"line":31,"column":0},"end":{"line":31,"column":35}},"31":{"start":{"line":32,"column":0},"end":{"line":32,"column":37}},"32":{"start":{"line":33,"column":0},"end":{"line":33,"column":3}},"33":{"start":{"line":34,"column":0},"end":{"line":34,"column":66}},"34":{"start":{"line":35,"column":0},"end":{"line":35,"column":33}},"35":{"start":{"line":36,"column":0},"end":{"line":36,"column":3}},"36":{"start":{"line":37,"column":0},"end":{"line":37,"column":0}},"37":{"start":{"line":38,"column":0},"end":{"line":38,"column":3}},"38":{"start":{"line":39,"column":0},"end":{"line":39,"column":54}},"39":{"start":{"line":40,"column":0},"end":{"line":40,"column":2}},"40":{"start":{"line":41,"column":0},"end":{"line":41,"column":32}},"41":{"start":{"line":42,"column":0},"end":{"line":42,"column":35}},"42":{"start":{"line":43,"column":0},"end":{"line":43,"column":42}},"43":{"start":{"line":44,"column":0},"end":{"line":44,"column":3}},"44":{"start":{"line":45,"column":0},"end":{"line":45,"column":85}},"45":{"start":{"line":46,"column":0},"end":{"line":46,"column":37}},"46":{"start":{"line":47,"column":0},"end":{"line":47,"column":3}},"47":{"start":{"line":48,"column":0},"end":{"line":48,"column":0}},"48":{"start":{"line":49,"column":0},"end":{"line":49,"column":3}},"49":{"start":{"line":50,"column":0},"end":{"line":50,"column":81}},"50":{"start":{"line":51,"column":0},"end":{"line":51,"column":2}},"51":{"start":{"line":52,"column":0},"end":{"line":52,"column":32}},"52":{"start":{"line":53,"column":0},"end":{"line":53,"column":32}},"53":{"start":{"line":54,"column":0},"end":{"line":54,"column":17}},"54":{"start":{"line":55,"column":0},"end":{"line":55,"column":71}},"55":{"start":{"line":56,"column":0},"end":{"line":56,"column":3}},"56":{"start":{"line":57,"column":0},"end":{"line":57,"column":88}},"57":{"start":{"line":58,"column":0},"end":{"line":58,"column":39}},"58":{"start":{"line":59,"column":0},"end":{"line":59,"column":3}},"59":{"start":{"line":60,"column":0},"end":{"line":60,"column":0}},"60":{"start":{"line":61,"column":0},"end":{"line":61,"column":3}},"61":{"start":{"line":62,"column":0},"end":{"line":62,"column":161}},"62":{"start":{"line":63,"column":0},"end":{"line":63,"column":2}},"63":{"start":{"line":64,"column":0},"end":{"line":64,"column":115}},"64":{"start":{"line":65,"column":0},"end":{"line":65,"column":116}},"65":{"start":{"line":66,"column":0},"end":{"line":66,"column":50}},"66":{"start":{"line":67,"column":0},"end":{"line":67,"column":17}},"67":{"start":{"line":68,"column":0},"end":{"line":68,"column":53}},"68":{"start":{"line":69,"column":0},"end":{"line":69,"column":59}},"69":{"start":{"line":70,"column":0},"end":{"line":70,"column":3}},"70":{"start":{"line":71,"column":0},"end":{"line":71,"column":23}},"71":{"start":{"line":72,"column":0},"end":{"line":72,"column":7}},"72":{"start":{"line":73,"column":0},"end":{"line":73,"column":16}},"73":{"start":{"line":74,"column":0},"end":{"line":74,"column":25}},"74":{"start":{"line":75,"column":0},"end":{"line":75,"column":15}},"75":{"start":{"line":76,"column":0},"end":{"line":76,"column":6}},"76":{"start":{"line":77,"column":0},"end":{"line":77,"column":28}},"77":{"start":{"line":78,"column":0},"end":{"line":78,"column":26}},"78":{"start":{"line":79,"column":0},"end":{"line":79,"column":31}},"79":{"start":{"line":80,"column":0},"end":{"line":80,"column":21}},"80":{"start":{"line":81,"column":0},"end":{"line":81,"column":38}},"81":{"start":{"line":82,"column":0},"end":{"line":82,"column":24}},"82":{"start":{"line":83,"column":0},"end":{"line":83,"column":34}},"83":{"start":{"line":84,"column":0},"end":{"line":84,"column":41}},"84":{"start":{"line":85,"column":0},"end":{"line":85,"column":7}},"85":{"start":{"line":86,"column":0},"end":{"line":86,"column":6}},"86":{"start":{"line":87,"column":0},"end":{"line":87,"column":0}},"87":{"start":{"line":88,"column":0},"end":{"line":88,"column":51}},"88":{"start":{"line":89,"column":0},"end":{"line":89,"column":29}},"89":{"start":{"line":90,"column":0},"end":{"line":90,"column":73}},"90":{"start":{"line":91,"column":0},"end":{"line":91,"column":19}},"91":{"start":{"line":92,"column":0},"end":{"line":92,"column":14}},"92":{"start":{"line":93,"column":0},"end":{"line":93,"column":20}},"93":{"start":{"line":94,"column":0},"end":{"line":94,"column":54}},"94":{"start":{"line":95,"column":0},"end":{"line":95,"column":7}},"95":{"start":{"line":96,"column":0},"end":{"line":96,"column":5}},"96":{"start":{"line":97,"column":0},"end":{"line":97,"column":0}},"97":{"start":{"line":98,"column":0},"end":{"line":98,"column":15}},"98":{"start":{"line":99,"column":0},"end":{"line":99,"column":18}},"99":{"start":{"line":100,"column":0},"end":{"line":100,"column":24}},"100":{"start":{"line":101,"column":0},"end":{"line":101,"column":39}},"101":{"start":{"line":102,"column":0},"end":{"line":102,"column":5}},"102":{"start":{"line":103,"column":0},"end":{"line":103,"column":0}},"103":{"start":{"line":104,"column":0},"end":{"line":104,"column":15}},"104":{"start":{"line":105,"column":0},"end":{"line":105,"column":3}},"105":{"start":{"line":106,"column":0},"end":{"line":106,"column":0}},"106":{"start":{"line":107,"column":0},"end":{"line":107,"column":42}},"107":{"start":{"line":108,"column":0},"end":{"line":108,"column":31}},"108":{"start":{"line":109,"column":0},"end":{"line":109,"column":67}},"109":{"start":{"line":110,"column":0},"end":{"line":110,"column":42}},"110":{"start":{"line":111,"column":0},"end":{"line":111,"column":17}},"111":{"start":{"line":112,"column":0},"end":{"line":112,"column":42}},"112":{"start":{"line":113,"column":0},"end":{"line":113,"column":5}},"113":{"start":{"line":114,"column":0},"end":{"line":114,"column":18}},"114":{"start":{"line":115,"column":0},"end":{"line":115,"column":3}},"115":{"start":{"line":116,"column":0},"end":{"line":116,"column":0}},"116":{"start":{"line":117,"column":0},"end":{"line":117,"column":16}},"117":{"start":{"line":118,"column":0},"end":{"line":118,"column":53}},"118":{"start":{"line":119,"column":0},"end":{"line":119,"column":16}},"119":{"start":{"line":120,"column":0},"end":{"line":120,"column":3}},"120":{"start":{"line":121,"column":0},"end":{"line":121,"column":0}},"121":{"start":{"line":122,"column":0},"end":{"line":122,"column":41}},"122":{"start":{"line":123,"column":0},"end":{"line":123,"column":0}},"123":{"start":{"line":124,"column":0},"end":{"line":124,"column":52}},"124":{"start":{"line":125,"column":0},"end":{"line":125,"column":44}},"125":{"start":{"line":126,"column":0},"end":{"line":126,"column":3}},"126":{"start":{"line":127,"column":0},"end":{"line":127,"column":0}},"127":{"start":{"line":128,"column":0},"end":{"line":128,"column":14}},"128":{"start":{"line":129,"column":0},"end":{"line":129,"column":2}},"129":{"start":{"line":130,"column":0},"end":{"line":130,"column":0}},"130":{"start":{"line":131,"column":0},"end":{"line":131,"column":3}},"131":{"start":{"line":132,"column":0},"end":{"line":132,"column":54}},"132":{"start":{"line":133,"column":0},"end":{"line":133,"column":2}},"133":{"start":{"line":134,"column":0},"end":{"line":134,"column":32}},"134":{"start":{"line":135,"column":0},"end":{"line":135,"column":47}},"135":{"start":{"line":136,"column":0},"end":{"line":136,"column":35}},"136":{"start":{"line":137,"column":0},"end":{"line":137,"column":23}},"137":{"start":{"line":138,"column":0},"end":{"line":138,"column":19}},"138":{"start":{"line":139,"column":0},"end":{"line":139,"column":3}},"139":{"start":{"line":140,"column":0},"end":{"line":140,"column":83}},"140":{"start":{"line":141,"column":0},"end":{"line":141,"column":22}},"141":{"start":{"line":142,"column":0},"end":{"line":142,"column":11}},"142":{"start":{"line":143,"column":0},"end":{"line":143,"column":3}},"143":{"start":{"line":144,"column":0},"end":{"line":144,"column":0}},"144":{"start":{"line":145,"column":0},"end":{"line":145,"column":41}},"145":{"start":{"line":146,"column":0},"end":{"line":146,"column":21}},"146":{"start":{"line":147,"column":0},"end":{"line":147,"column":52}},"147":{"start":{"line":148,"column":0},"end":{"line":148,"column":44}},"148":{"start":{"line":149,"column":0},"end":{"line":149,"column":3}},"149":{"start":{"line":150,"column":0},"end":{"line":150,"column":0}},"150":{"start":{"line":151,"column":0},"end":{"line":151,"column":2}},"151":{"start":{"line":152,"column":0},"end":{"line":152,"column":0}},"152":{"start":{"line":153,"column":0},"end":{"line":153,"column":3}},"153":{"start":{"line":154,"column":0},"end":{"line":154,"column":39}},"154":{"start":{"line":155,"column":0},"end":{"line":155,"column":2}},"155":{"start":{"line":156,"column":0},"end":{"line":156,"column":32}},"156":{"start":{"line":157,"column":0},"end":{"line":157,"column":47}},"157":{"start":{"line":158,"column":0},"end":{"line":158,"column":35}},"158":{"start":{"line":159,"column":0},"end":{"line":159,"column":68}},"159":{"start":{"line":160,"column":0},"end":{"line":160,"column":19}},"160":{"start":{"line":161,"column":0},"end":{"line":161,"column":3}},"161":{"start":{"line":162,"column":0},"end":{"line":162,"column":85}},"162":{"start":{"line":163,"column":0},"end":{"line":163,"column":22}},"163":{"start":{"line":164,"column":0},"end":{"line":164,"column":11}},"164":{"start":{"line":165,"column":0},"end":{"line":165,"column":3}},"165":{"start":{"line":166,"column":0},"end":{"line":166,"column":0}},"166":{"start":{"line":167,"column":0},"end":{"line":167,"column":41}},"167":{"start":{"line":168,"column":0},"end":{"line":168,"column":21}},"168":{"start":{"line":169,"column":0},"end":{"line":169,"column":58}},"169":{"start":{"line":170,"column":0},"end":{"line":170,"column":50}},"170":{"start":{"line":171,"column":0},"end":{"line":171,"column":3}},"171":{"start":{"line":172,"column":0},"end":{"line":172,"column":2}},"172":{"start":{"line":173,"column":0},"end":{"line":173,"column":0}},"173":{"start":{"line":174,"column":0},"end":{"line":174,"column":3}},"174":{"start":{"line":175,"column":0},"end":{"line":175,"column":43}},"175":{"start":{"line":176,"column":0},"end":{"line":176,"column":2}},"176":{"start":{"line":177,"column":0},"end":{"line":177,"column":44}},"177":{"start":{"line":178,"column":0},"end":{"line":178,"column":42}},"178":{"start":{"line":179,"column":0},"end":{"line":179,"column":43}},"179":{"start":{"line":180,"column":0},"end":{"line":180,"column":34}},"180":{"start":{"line":181,"column":0},"end":{"line":181,"column":3}},"181":{"start":{"line":182,"column":0},"end":{"line":182,"column":62}},"182":{"start":{"line":183,"column":0},"end":{"line":183,"column":42}},"183":{"start":{"line":184,"column":0},"end":{"line":184,"column":30}},"184":{"start":{"line":185,"column":0},"end":{"line":185,"column":41}},"185":{"start":{"line":186,"column":0},"end":{"line":186,"column":31}},"186":{"start":{"line":187,"column":0},"end":{"line":187,"column":15}},"187":{"start":{"line":188,"column":0},"end":{"line":188,"column":3}},"188":{"start":{"line":189,"column":0},"end":{"line":189,"column":0}},"189":{"start":{"line":190,"column":0},"end":{"line":190,"column":44}},"190":{"start":{"line":191,"column":0},"end":{"line":191,"column":0}},"191":{"start":{"line":192,"column":0},"end":{"line":192,"column":57}},"192":{"start":{"line":193,"column":0},"end":{"line":193,"column":40}},"193":{"start":{"line":194,"column":0},"end":{"line":194,"column":39}},"194":{"start":{"line":195,"column":0},"end":{"line":195,"column":40}},"195":{"start":{"line":196,"column":0},"end":{"line":196,"column":3}},"196":{"start":{"line":197,"column":0},"end":{"line":197,"column":0}},"197":{"start":{"line":198,"column":0},"end":{"line":198,"column":28}},"198":{"start":{"line":199,"column":0},"end":{"line":199,"column":33}},"199":{"start":{"line":200,"column":0},"end":{"line":200,"column":3}},"200":{"start":{"line":201,"column":0},"end":{"line":201,"column":13}},"201":{"start":{"line":202,"column":0},"end":{"line":202,"column":2}},"202":{"start":{"line":203,"column":0},"end":{"line":203,"column":0}},"203":{"start":{"line":204,"column":0},"end":{"line":204,"column":3}},"204":{"start":{"line":205,"column":0},"end":{"line":205,"column":40}},"205":{"start":{"line":206,"column":0},"end":{"line":206,"column":2}},"206":{"start":{"line":207,"column":0},"end":{"line":207,"column":32}},"207":{"start":{"line":208,"column":0},"end":{"line":208,"column":49}},"208":{"start":{"line":209,"column":0},"end":{"line":209,"column":31}},"209":{"start":{"line":210,"column":0},"end":{"line":210,"column":3}},"210":{"start":{"line":211,"column":0},"end":{"line":211,"column":60}},"211":{"start":{"line":212,"column":0},"end":{"line":212,"column":42}},"212":{"start":{"line":213,"column":0},"end":{"line":213,"column":31}},"213":{"start":{"line":214,"column":0},"end":{"line":214,"column":43}},"214":{"start":{"line":215,"column":0},"end":{"line":215,"column":42}},"215":{"start":{"line":216,"column":0},"end":{"line":216,"column":52}},"216":{"start":{"line":217,"column":0},"end":{"line":217,"column":30}},"217":{"start":{"line":218,"column":0},"end":{"line":218,"column":37}},"218":{"start":{"line":219,"column":0},"end":{"line":219,"column":61}},"219":{"start":{"line":220,"column":0},"end":{"line":220,"column":39}},"220":{"start":{"line":221,"column":0},"end":{"line":221,"column":42}},"221":{"start":{"line":222,"column":0},"end":{"line":222,"column":26}},"222":{"start":{"line":223,"column":0},"end":{"line":223,"column":7}},"223":{"start":{"line":224,"column":0},"end":{"line":224,"column":5}},"224":{"start":{"line":225,"column":0},"end":{"line":225,"column":18}},"225":{"start":{"line":226,"column":0},"end":{"line":226,"column":3}},"226":{"start":{"line":227,"column":0},"end":{"line":227,"column":14}},"227":{"start":{"line":228,"column":0},"end":{"line":228,"column":2}},"228":{"start":{"line":229,"column":0},"end":{"line":229,"column":0}},"229":{"start":{"line":230,"column":0},"end":{"line":230,"column":3}},"230":{"start":{"line":231,"column":0},"end":{"line":231,"column":80}},"231":{"start":{"line":232,"column":0},"end":{"line":232,"column":2}},"232":{"start":{"line":233,"column":0},"end":{"line":233,"column":37}},"233":{"start":{"line":234,"column":0},"end":{"line":234,"column":36}},"234":{"start":{"line":235,"column":0},"end":{"line":235,"column":3}},"235":{"start":{"line":236,"column":0},"end":{"line":236,"column":38}},"236":{"start":{"line":237,"column":0},"end":{"line":237,"column":23}},"237":{"start":{"line":238,"column":0},"end":{"line":238,"column":26}},"238":{"start":{"line":239,"column":0},"end":{"line":239,"column":3}},"239":{"start":{"line":240,"column":0},"end":{"line":240,"column":0}},"240":{"start":{"line":241,"column":0},"end":{"line":241,"column":26}},"241":{"start":{"line":242,"column":0},"end":{"line":242,"column":68}},"242":{"start":{"line":243,"column":0},"end":{"line":243,"column":39}},"243":{"start":{"line":244,"column":0},"end":{"line":244,"column":36}},"244":{"start":{"line":245,"column":0},"end":{"line":245,"column":26}},"245":{"start":{"line":246,"column":0},"end":{"line":246,"column":2}},"246":{"start":{"line":247,"column":0},"end":{"line":247,"column":44}}},"s":{"0":2,"1":2,"2":2,"3":2,"4":2,"5":2,"6":2,"7":2,"8":2,"9":2,"10":2,"11":2,"12":2,"13":500071,"14":500068,"15":500071,"16":3,"17":2,"18":2,"19":2,"20":2,"21":2,"22":2,"23":2,"24":2,"25":2,"26":2,"27":2,"28":2,"29":2,"30":2,"31":2,"32":2,"33":2,"34":2,"35":2,"36":2,"37":2,"38":2,"39":2,"40":2,"41":2,"42":0,"43":0,"44":2,"45":2,"46":2,"47":2,"48":2,"49":2,"50":2,"51":2,"52":2,"53":2,"54":2,"55":3,"56":2,"57":2,"58":2,"59":2,"60":2,"61":2,"62":2,"63":2,"64":2,"65":2,"66":2,"67":2,"68":2,"69":38,"70":38,"71":38,"72":38,"73":2,"74":2,"75":2,"76":2,"77":2,"78":4,"79":4,"80":4,"81":1,"82":2,"83":2,"84":8,"85":8,"86":8,"87":8,"88":8,"89":4,"90":4,"91":4,"92":2,"93":2,"94":1,"95":1,"96":1,"97":1,"98":1,"99":38,"100":36,"101":36,"102":36,"103":38,"104":15,"105":15,"106":15,"107":15,"108":15,"109":15,"110":38,"111":38,"112":12,"113":12,"114":12,"115":12,"116":38,"117":9,"118":9,"119":9,"120":9,"121":30,"122":8,"123":2,"124":2,"125":2,"126":2,"127":2,"128":2,"129":2,"130":2,"131":2,"132":2,"133":2,"134":2,"135":2,"136":1,"137":1,"138":1,"139":1,"140":1,"141":1,"142":1,"143":1,"144":1,"145":1,"146":2,"147":2,"148":2,"149":2,"150":2,"151":2,"152":2,"153":2,"154":2,"155":2,"156":2,"157":2,"158":2,"159":3,"160":3,"161":3,"162":3,"163":3,"164":3,"165":3,"166":3,"167":2,"168":2,"169":2,"170":2,"171":2,"172":2,"173":2,"174":2,"175":2,"176":2,"177":2,"178":2,"179":500016,"180":500016,"181":500016,"182":500016,"183":500016,"184":500016,"185":9,"186":9,"187":9,"188":9,"189":13,"190":10,"191":10,"192":10,"193":13,"194":9,"195":9,"196":9,"197":2,"198":2,"199":2,"200":2,"201":2,"202":2,"203":2,"204":2,"205":2,"206":2,"207":2,"208":3,"209":3,"210":3,"211":3,"212":3,"213":3,"214":3,"215":3,"216":2,"217":2,"218":3,"219":2,"220":2,"221":2,"222":2,"223":2,"224":2,"225":2,"226":2,"227":2,"228":2,"229":2,"230":2,"231":2,"232":2,"233":3,"234":2,"235":3,"236":1,"237":1,"238":1,"239":1,"240":3,"241":3,"242":2,"243":1,"244":1,"245":1,"246":1},"branchMap":{"0":{"type":"branch","line":1,"loc":{"start":{"line":1,"column":0},"end":{"line":244,"column":30}},"locations":[{"start":{"line":1,"column":0},"end":{"line":244,"column":30}}]},"1":{"type":"branch","line":13,"loc":{"start":{"line":13,"column":27},"end":{"line":18,"column":32}},"locations":[{"start":{"line":13,"column":27},"end":{"line":18,"column":32}}]},"2":{"type":"branch","line":14,"loc":{"start":{"line":14,"column":32},"end":{"line":16,"column":28}},"locations":[{"start":{"line":14,"column":32},"end":{"line":16,"column":28}}]},"3":{"type":"branch","line":16,"loc":{"start":{"line":16,"column":28},"end":{"line":18,"column":31}},"locations":[{"start":{"line":16,"column":28},"end":{"line":18,"column":31}}]},"4":{"type":"branch","line":31,"loc":{"start":{"line":31,"column":19},"end":{"line":34,"column":21}},"locations":[{"start":{"line":31,"column":19},"end":{"line":34,"column":21}}]},"5":{"type":"branch","line":32,"loc":{"start":{"line":32,"column":14},"end":{"line":34,"column":20}},"locations":[{"start":{"line":32,"column":14},"end":{"line":34,"column":20}}]},"6":{"type":"branch","line":55,"loc":{"start":{"line":55,"column":24},"end":{"line":57,"column":49}},"locations":[{"start":{"line":55,"column":24},"end":{"line":57,"column":49}}]},"7":{"type":"branch","line":55,"loc":{"start":{"line":55,"column":70},"end":{"line":57,"column":48}},"locations":[{"start":{"line":55,"column":70},"end":{"line":57,"column":48}}]},"8":{"type":"branch","line":69,"loc":{"start":{"line":69,"column":4},"end":{"line":124,"column":37}},"locations":[{"start":{"line":69,"column":4},"end":{"line":124,"column":37}}]},"9":{"type":"branch","line":73,"loc":{"start":{"line":73,"column":11},"end":{"line":100,"column":9}},"locations":[{"start":{"line":73,"column":11},"end":{"line":100,"column":9}}]},"10":{"type":"branch","line":84,"loc":{"start":{"line":84,"column":26},"end":{"line":93,"column":7}},"locations":[{"start":{"line":84,"column":26},"end":{"line":93,"column":7}}]},"11":{"type":"branch","line":89,"loc":{"start":{"line":89,"column":0},"end":{"line":89,"column":18}},"locations":[{"start":{"line":89,"column":0},"end":{"line":89,"column":18}}]},"12":{"type":"branch","line":89,"loc":{"start":{"line":89,"column":20},"end":{"line":93,"column":1}},"locations":[{"start":{"line":89,"column":20},"end":{"line":93,"column":1}}]},"13":{"type":"branch","line":94,"loc":{"start":{"line":94,"column":2},"end":{"line":100,"column":9}},"locations":[{"start":{"line":94,"column":2},"end":{"line":100,"column":9}}]},"14":{"type":"branch","line":100,"loc":{"start":{"line":100,"column":9},"end":{"line":104,"column":12}},"locations":[{"start":{"line":100,"column":9},"end":{"line":104,"column":12}}]},"15":{"type":"branch","line":104,"loc":{"start":{"line":104,"column":12},"end":{"line":111,"column":7}},"locations":[{"start":{"line":104,"column":12},"end":{"line":111,"column":7}}]},"16":{"type":"branch","line":109,"loc":{"start":{"line":109,"column":45},"end":{"line":110,"column":27}},"locations":[{"start":{"line":109,"column":45},"end":{"line":110,"column":27}}]},"17":{"type":"branch","line":111,"loc":{"start":{"line":111,"column":7},"end":{"line":112,"column":6}},"locations":[{"start":{"line":111,"column":7},"end":{"line":112,"column":6}}]},"18":{"type":"branch","line":112,"loc":{"start":{"line":112,"column":6},"end":{"line":117,"column":9}},"locations":[{"start":{"line":112,"column":6},"end":{"line":117,"column":9}}]},"19":{"type":"branch","line":117,"loc":{"start":{"line":117,"column":9},"end":{"line":124,"column":36}},"locations":[{"start":{"line":117,"column":9},"end":{"line":124,"column":36}}]},"20":{"type":"branch","line":117,"loc":{"start":{"line":117,"column":9},"end":{"line":122,"column":12}},"locations":[{"start":{"line":117,"column":9},"end":{"line":122,"column":12}}]},"21":{"type":"branch","line":122,"loc":{"start":{"line":122,"column":12},"end":{"line":124,"column":19}},"locations":[{"start":{"line":122,"column":12},"end":{"line":124,"column":19}}]},"22":{"type":"branch","line":124,"loc":{"start":{"line":124,"column":19},"end":{"line":124,"column":36}},"locations":[{"start":{"line":124,"column":19},"end":{"line":124,"column":36}}]},"23":{"type":"branch","line":78,"loc":{"start":{"line":78,"column":19},"end":{"line":83,"column":8}},"locations":[{"start":{"line":78,"column":19},"end":{"line":83,"column":8}}]},"24":{"type":"branch","line":81,"loc":{"start":{"line":81,"column":4},"end":{"line":81,"column":13}},"locations":[{"start":{"line":81,"column":4},"end":{"line":81,"column":13}}]},"25":{"type":"branch","line":81,"loc":{"start":{"line":81,"column":15},"end":{"line":83,"column":2}},"locations":[{"start":{"line":81,"column":15},"end":{"line":83,"column":2}}]},"26":{"type":"branch","line":136,"loc":{"start":{"line":136,"column":28},"end":{"line":147,"column":22}},"locations":[{"start":{"line":136,"column":28},"end":{"line":147,"column":22}}]},"27":{"type":"branch","line":140,"loc":{"start":{"line":140,"column":23},"end":{"line":140,"column":40}},"locations":[{"start":{"line":140,"column":23},"end":{"line":140,"column":40}}]},"28":{"type":"branch","line":159,"loc":{"start":{"line":159,"column":39},"end":{"line":169,"column":33}},"locations":[{"start":{"line":159,"column":39},"end":{"line":169,"column":33}}]},"29":{"type":"branch","line":162,"loc":{"start":{"line":162,"column":25},"end":{"line":162,"column":42}},"locations":[{"start":{"line":162,"column":25},"end":{"line":162,"column":42}}]},"30":{"type":"branch","line":167,"loc":{"start":{"line":167,"column":39},"end":{"line":169,"column":31}},"locations":[{"start":{"line":167,"column":39},"end":{"line":169,"column":31}}]},"31":{"type":"branch","line":179,"loc":{"start":{"line":179,"column":23},"end":{"line":198,"column":0}},"locations":[{"start":{"line":179,"column":23},"end":{"line":198,"column":0}}]},"32":{"type":"branch","line":184,"loc":{"start":{"line":184,"column":21},"end":{"line":185,"column":11}},"locations":[{"start":{"line":184,"column":21},"end":{"line":185,"column":11}}]},"33":{"type":"branch","line":185,"loc":{"start":{"line":185,"column":11},"end":{"line":197,"column":0}},"locations":[{"start":{"line":185,"column":11},"end":{"line":197,"column":0}}]},"34":{"type":"branch","line":185,"loc":{"start":{"line":185,"column":11},"end":{"line":190,"column":20}},"locations":[{"start":{"line":185,"column":11},"end":{"line":190,"column":20}}]},"35":{"type":"branch","line":190,"loc":{"start":{"line":190,"column":20},"end":{"line":194,"column":2}},"locations":[{"start":{"line":190,"column":20},"end":{"line":194,"column":2}}]},"36":{"type":"branch","line":194,"loc":{"start":{"line":194,"column":2},"end":{"line":197,"column":0}},"locations":[{"start":{"line":194,"column":2},"end":{"line":197,"column":0}}]},"37":{"type":"branch","line":208,"loc":{"start":{"line":208,"column":29},"end":{"line":221,"column":41}},"locations":[{"start":{"line":208,"column":29},"end":{"line":221,"column":41}}]},"38":{"type":"branch","line":216,"loc":{"start":{"line":216,"column":38},"end":{"line":221,"column":1}},"locations":[{"start":{"line":216,"column":38},"end":{"line":221,"column":1}}]},"39":{"type":"branch","line":218,"loc":{"start":{"line":218,"column":16},"end":{"line":220,"column":35}},"locations":[{"start":{"line":218,"column":16},"end":{"line":220,"column":35}}]},"40":{"type":"branch","line":221,"loc":{"start":{"line":221,"column":24},"end":{"line":221,"column":40}},"locations":[{"start":{"line":221,"column":24},"end":{"line":221,"column":40}}]},"41":{"type":"branch","line":233,"loc":{"start":{"line":233,"column":26},"end":{"line":243,"column":23}},"locations":[{"start":{"line":233,"column":26},"end":{"line":243,"column":23}}]},"42":{"type":"branch","line":234,"loc":{"start":{"line":234,"column":20},"end":{"line":236,"column":11}},"locations":[{"start":{"line":234,"column":20},"end":{"line":236,"column":11}}]},"43":{"type":"branch","line":236,"loc":{"start":{"line":236,"column":11},"end":{"line":241,"column":7}},"locations":[{"start":{"line":236,"column":11},"end":{"line":241,"column":7}}]}},"b":{"0":[2],"1":[500071],"2":[500068],"3":[3],"4":[2],"5":[2],"6":[3],"7":[3],"8":[38],"9":[2],"10":[8],"11":[4],"12":[4],"13":[1],"14":[36],"15":[15],"16":[1],"17":[21],"18":[12],"19":[30],"20":[9],"21":[8],"22":[9],"23":[4],"24":[1],"25":[1],"26":[1],"27":[0],"28":[3],"29":[0],"30":[2],"31":[500016],"32":[500007],"33":[13],"34":[9],"35":[10],"36":[9],"37":[3],"38":[2],"39":[3],"40":[0],"41":[3],"42":[2],"43":[1]},"fnMap":{"0":{"name":"getRefMap","decl":{"start":{"line":13,"column":27},"end":{"line":18,"column":32}},"loc":{"start":{"line":13,"column":27},"end":{"line":18,"column":32}},"line":13},"1":{"name":"whenRef","decl":{"start":{"line":31,"column":19},"end":{"line":34,"column":21}},"loc":{"start":{"line":31,"column":19},"end":{"line":34,"column":21}},"line":31},"2":{"name":"whenNextRef","decl":{"start":{"line":42,"column":28},"end":{"line":45,"column":44}},"loc":{"start":{"line":42,"column":28},"end":{"line":45,"column":44}},"line":42},"3":{"name":"whenRefRemoved","decl":{"start":{"line":55,"column":24},"end":{"line":57,"column":49}},"loc":{"start":{"line":55,"column":24},"end":{"line":57,"column":49}},"line":55},"4":{"name":"getRef","decl":{"start":{"line":69,"column":4},"end":{"line":124,"column":37}},"loc":{"start":{"line":69,"column":4},"end":{"line":124,"column":37}},"line":69},"5":{"name":"agetter","decl":{"start":{"line":78,"column":19},"end":{"line":83,"column":8}},"loc":{"start":{"line":78,"column":19},"end":{"line":83,"column":8}},"line":78},"6":{"name":"getNextRef","decl":{"start":{"line":136,"column":28},"end":{"line":147,"column":22}},"loc":{"start":{"line":136,"column":28},"end":{"line":147,"column":22}},"line":136},"7":{"name":"getRemoveRef","decl":{"start":{"line":159,"column":39},"end":{"line":169,"column":33}},"loc":{"start":{"line":159,"column":39},"end":{"line":169,"column":33}},"line":159},"8":{"name":"setRef","decl":{"start":{"line":179,"column":23},"end":{"line":198,"column":0}},"loc":{"start":{"line":179,"column":23},"end":{"line":198,"column":0}},"line":179},"9":{"name":"removeRef","decl":{"start":{"line":208,"column":29},"end":{"line":221,"column":41}},"loc":{"start":{"line":208,"column":29},"end":{"line":221,"column":41}},"line":208},"10":{"name":"createRefType","decl":{"start":{"line":233,"column":26},"end":{"line":243,"column":23}},"loc":{"start":{"line":233,"column":26},"end":{"line":243,"column":23}},"line":233}},"f":{"0":500071,"1":2,"2":0,"3":3,"4":38,"5":4,"6":1,"7":3,"8":500016,"9":3,"10":3}}
,"/Users/mantolo/gitrepo/@sonice/ref-central/proxy.js": {"path":"/Users/mantolo/gitrepo/@sonice/ref-central/proxy.js","all":false,"statementMap":{"0":{"start":{"line":1,"column":0},"end":{"line":1,"column":65}},"1":{"start":{"line":2,"column":0},"end":{"line":2,"column":0}},"2":{"start":{"line":3,"column":0},"end":{"line":3,"column":31}},"3":{"start":{"line":4,"column":0},"end":{"line":4,"column":0}},"4":{"start":{"line":5,"column":0},"end":{"line":5,"column":23}},"5":{"start":{"line":6,"column":0},"end":{"line":6,"column":24}},"6":{"start":{"line":7,"column":0},"end":{"line":7,"column":27}},"7":{"start":{"line":8,"column":0},"end":{"line":8,"column":3}},"8":{"start":{"line":9,"column":0},"end":{"line":9,"column":0}},"9":{"start":{"line":10,"column":0},"end":{"line":10,"column":18}},"10":{"start":{"line":11,"column":0},"end":{"line":11,"column":44}},"11":{"start":{"line":12,"column":0},"end":{"line":12,"column":3}},"12":{"start":{"line":13,"column":0},"end":{"line":13,"column":0}},"13":{"start":{"line":14,"column":0},"end":{"line":14,"column":25}},"14":{"start":{"line":15,"column":0},"end":{"line":15,"column":50}},"15":{"start":{"line":16,"column":0},"end":{"line":16,"column":16}},"16":{"start":{"line":17,"column":0},"end":{"line":17,"column":3}},"17":{"start":{"line":18,"column":0},"end":{"line":18,"column":0}},"18":{"start":{"line":19,"column":0},"end":{"line":19,"column":17}},"19":{"start":{"line":20,"column":0},"end":{"line":20,"column":52}},"20":{"start":{"line":21,"column":0},"end":{"line":21,"column":3}},"21":{"start":{"line":22,"column":0},"end":{"line":22,"column":0}},"22":{"start":{"line":23,"column":0},"end":{"line":23,"column":29}},"23":{"start":{"line":24,"column":0},"end":{"line":24,"column":22}},"24":{"start":{"line":25,"column":0},"end":{"line":25,"column":23}},"25":{"start":{"line":26,"column":0},"end":{"line":26,"column":36}},"26":{"start":{"line":27,"column":0},"end":{"line":27,"column":18}},"27":{"start":{"line":28,"column":0},"end":{"line":28,"column":5}},"28":{"start":{"line":29,"column":0},"end":{"line":29,"column":17}},"29":{"start":{"line":30,"column":0},"end":{"line":30,"column":3}},"30":{"start":{"line":31,"column":0},"end":{"line":31,"column":1}},"31":{"start":{"line":32,"column":0},"end":{"line":32,"column":0}},"32":{"start":{"line":33,"column":0},"end":{"line":33,"column":3}},"33":{"start":{"line":34,"column":0},"end":{"line":34,"column":95}},"34":{"start":{"line":35,"column":0},"end":{"line":35,"column":2}},"35":{"start":{"line":36,"column":0},"end":{"line":36,"column":62}},"36":{"start":{"line":37,"column":0},"end":{"line":37,"column":120}},"37":{"start":{"line":38,"column":0},"end":{"line":38,"column":55}},"38":{"start":{"line":39,"column":0},"end":{"line":39,"column":3}},"39":{"start":{"line":40,"column":0},"end":{"line":40,"column":72}},"40":{"start":{"line":41,"column":0},"end":{"line":41,"column":27}},"41":{"start":{"line":42,"column":0},"end":{"line":42,"column":34}},"42":{"start":{"line":43,"column":0},"end":{"line":43,"column":3}},"43":{"start":{"line":44,"column":0},"end":{"line":44,"column":0}},"44":{"start":{"line":45,"column":0},"end":{"line":45,"column":29}},"45":{"start":{"line":46,"column":0},"end":{"line":46,"column":32}},"46":{"start":{"line":47,"column":0},"end":{"line":47,"column":3}},"47":{"start":{"line":48,"column":0},"end":{"line":48,"column":0}},"48":{"start":{"line":49,"column":0},"end":{"line":49,"column":64}},"49":{"start":{"line":50,"column":0},"end":{"line":50,"column":30}},"50":{"start":{"line":51,"column":0},"end":{"line":51,"column":0}},"51":{"start":{"line":52,"column":0},"end":{"line":52,"column":15}},"52":{"start":{"line":53,"column":0},"end":{"line":53,"column":2}}},"s":{"0":2,"1":5,"2":5,"3":2,"4":2,"5":4,"6":2,"7":500003,"8":500003,"9":500003,"10":500003,"11":500003,"12":500003,"13":2,"14":0,"15":2,"16":2,"17":2,"18":2,"19":2,"20":1,"21":1,"22":1,"23":1,"24":1,"25":2,"26":2,"27":2,"28":2,"29":2,"30":2,"31":2,"32":2,"33":2,"34":2,"35":2,"36":2,"37":2,"38":6,"39":6,"40":6,"41":6,"42":5,"43":5,"44":5,"45":5,"46":5,"47":5,"48":1,"49":1,"50":1,"51":1,"52":1},"branchMap":{"0":{"type":"branch","line":1,"loc":{"start":{"line":1,"column":0},"end":{"line":49,"column":34}},"locations":[{"start":{"line":1,"column":0},"end":{"line":49,"column":34}}]},"1":{"type":"branch","line":1,"loc":{"start":{"line":1,"column":44},"end":{"line":3,"column":31}},"locations":[{"start":{"line":1,"column":44},"end":{"line":3,"column":31}}]},"2":{"type":"branch","line":5,"loc":{"start":{"line":5,"column":2},"end":{"line":7,"column":18}},"locations":[{"start":{"line":5,"column":2},"end":{"line":7,"column":18}}]},"3":{"type":"branch","line":7,"loc":{"start":{"line":7,"column":22},"end":{"line":14,"column":15}},"locations":[{"start":{"line":7,"column":22},"end":{"line":14,"column":15}}]},"4":{"type":"branch","line":17,"loc":{"start":{"line":17,"column":1},"end":{"line":26,"column":1}},"locations":[{"start":{"line":17,"column":1},"end":{"line":26,"column":1}}]},"5":{"type":"branch","line":20,"loc":{"start":{"line":20,"column":27},"end":{"line":26,"column":0}},"locations":[{"start":{"line":20,"column":27},"end":{"line":26,"column":0}}]},"6":{"type":"branch","line":38,"loc":{"start":{"line":38,"column":8},"end":{"line":49,"column":32}},"locations":[{"start":{"line":38,"column":8},"end":{"line":49,"column":32}}]},"7":{"type":"branch","line":40,"loc":{"start":{"line":40,"column":17},"end":{"line":40,"column":57}},"locations":[{"start":{"line":40,"column":17},"end":{"line":40,"column":57}}]},"8":{"type":"branch","line":41,"loc":{"start":{"line":41,"column":14},"end":{"line":42,"column":24}},"locations":[{"start":{"line":41,"column":14},"end":{"line":42,"column":24}}]},"9":{"type":"branch","line":42,"loc":{"start":{"line":42,"column":24},"end":{"line":49,"column":31}},"locations":[{"start":{"line":42,"column":24},"end":{"line":49,"column":31}}]}},"b":{"0":[2],"1":[5],"2":[4],"3":[500003],"4":[2],"5":[1],"6":[6],"7":[0],"8":[1],"9":[5]},"fnMap":{"0":{"name":"RefProxyHandler","decl":{"start":{"line":1,"column":44},"end":{"line":3,"column":31}},"loc":{"start":{"line":1,"column":44},"end":{"line":3,"column":31}},"line":1},"1":{"name":"get","decl":{"start":{"line":5,"column":2},"end":{"line":7,"column":18}},"loc":{"start":{"line":5,"column":2},"end":{"line":7,"column":18}},"line":5},"2":{"name":"set","decl":{"start":{"line":7,"column":22},"end":{"line":14,"column":15}},"loc":{"start":{"line":7,"column":22},"end":{"line":14,"column":15}},"line":7},"3":{"name":"has","decl":{"start":{"line":14,"column":19},"end":{"line":16,"column":14}},"loc":{"start":{"line":14,"column":19},"end":{"line":16,"column":14}},"line":14},"4":{"name":"deleteProperty","decl":{"start":{"line":17,"column":1},"end":{"line":26,"column":1}},"loc":{"start":{"line":17,"column":1},"end":{"line":26,"column":1}},"line":17},"5":{"name":"createRefProxy","decl":{"start":{"line":38,"column":8},"end":{"line":49,"column":32}},"loc":{"start":{"line":38,"column":8},"end":{"line":49,"column":32}},"line":38}},"f":{"0":5,"1":4,"2":500003,"3":0,"4":2,"5":6}}
}
