TN:
SF:index.js
FN:13,getRefMap
FN:31,whenRef
FN:42,whenNextRef
FN:55,whenRefRemoved
FN:69,getRef
FN:78,agetter
FN:136,getNextRef
FN:159,getRemoveRef
FN:179,setRef
FN:208,removeRef
FN:233,createRefType
FNF:11
FNH:10
FNDA:500071,getRefMap
FNDA:2,whenRef
FNDA:0,whenNextRef
FNDA:3,whenRefRemoved
FNDA:38,getRef
FNDA:4,agetter
FNDA:1,getNextRef
FNDA:3,getRemoveRef
FNDA:500016,setRef
FNDA:3,removeRef
FNDA:3,createRefType
DA:1,2
DA:2,2
DA:3,2
DA:4,2
DA:5,2
DA:6,2
DA:7,2
DA:8,2
DA:9,2
DA:10,2
DA:11,2
DA:12,2
DA:13,2
DA:14,500071
DA:15,500068
DA:16,500071
DA:17,3
DA:18,2
DA:19,2
DA:20,2
DA:21,2
DA:22,2
DA:23,2
DA:24,2
DA:25,2
DA:26,2
DA:27,2
DA:28,2
DA:29,2
DA:30,2
DA:31,2
DA:32,2
DA:33,2
DA:34,2
DA:35,2
DA:36,2
DA:37,2
DA:38,2
DA:39,2
DA:40,2
DA:41,2
DA:42,2
DA:43,0
DA:44,0
DA:45,2
DA:46,2
DA:47,2
DA:48,2
DA:49,2
DA:50,2
DA:51,2
DA:52,2
DA:53,2
DA:54,2
DA:55,2
DA:56,3
DA:57,2
DA:58,2
DA:59,2
DA:60,2
DA:61,2
DA:62,2
DA:63,2
DA:64,2
DA:65,2
DA:66,2
DA:67,2
DA:68,2
DA:69,2
DA:70,38
DA:71,38
DA:72,38
DA:73,38
DA:74,2
DA:75,2
DA:76,2
DA:77,2
DA:78,2
DA:79,4
DA:80,4
DA:81,4
DA:82,1
DA:83,2
DA:84,2
DA:85,8
DA:86,8
DA:87,8
DA:88,8
DA:89,8
DA:90,4
DA:91,4
DA:92,4
DA:93,2
DA:94,2
DA:95,1
DA:96,1
DA:97,1
DA:98,1
DA:99,1
DA:100,38
DA:101,36
DA:102,36
DA:103,36
DA:104,38
DA:105,15
DA:106,15
DA:107,15
DA:108,15
DA:109,15
DA:110,15
DA:111,38
DA:112,38
DA:113,12
DA:114,12
DA:115,12
DA:116,12
DA:117,38
DA:118,9
DA:119,9
DA:120,9
DA:121,9
DA:122,30
DA:123,8
DA:124,2
DA:125,2
DA:126,2
DA:127,2
DA:128,2
DA:129,2
DA:130,2
DA:131,2
DA:132,2
DA:133,2
DA:134,2
DA:135,2
DA:136,2
DA:137,1
DA:138,1
DA:139,1
DA:140,1
DA:141,1
DA:142,1
DA:143,1
DA:144,1
DA:145,1
DA:146,1
DA:147,2
DA:148,2
DA:149,2
DA:150,2
DA:151,2
DA:152,2
DA:153,2
DA:154,2
DA:155,2
DA:156,2
DA:157,2
DA:158,2
DA:159,2
DA:160,3
DA:161,3
DA:162,3
DA:163,3
DA:164,3
DA:165,3
DA:166,3
DA:167,3
DA:168,2
DA:169,2
DA:170,2
DA:171,2
DA:172,2
DA:173,2
DA:174,2
DA:175,2
DA:176,2
DA:177,2
DA:178,2
DA:179,2
DA:180,500016
DA:181,500016
DA:182,500016
DA:183,500016
DA:184,500016
DA:185,500016
DA:186,9
DA:187,9
DA:188,9
DA:189,9
DA:190,13
DA:191,10
DA:192,10
DA:193,10
DA:194,13
DA:195,9
DA:196,9
DA:197,9
DA:198,2
DA:199,2
DA:200,2
DA:201,2
DA:202,2
DA:203,2
DA:204,2
DA:205,2
DA:206,2
DA:207,2
DA:208,2
DA:209,3
DA:210,3
DA:211,3
DA:212,3
DA:213,3
DA:214,3
DA:215,3
DA:216,3
DA:217,2
DA:218,2
DA:219,3
DA:220,2
DA:221,2
DA:222,2
DA:223,2
DA:224,2
DA:225,2
DA:226,2
DA:227,2
DA:228,2
DA:229,2
DA:230,2
DA:231,2
DA:232,2
DA:233,2
DA:234,3
DA:235,2
DA:236,3
DA:237,1
DA:238,1
DA:239,1
DA:240,1
DA:241,3
DA:242,3
DA:243,2
DA:244,1
DA:245,1
DA:246,1
DA:247,1
LF:247
LH:245
BRDA:1,0,0,2
BRDA:13,1,0,500071
BRDA:14,2,0,500068
BRDA:16,3,0,3
BRDA:31,4,0,2
BRDA:32,5,0,2
BRDA:55,6,0,3
BRDA:55,7,0,3
BRDA:69,8,0,38
BRDA:73,9,0,2
BRDA:84,10,0,8
BRDA:89,11,0,4
BRDA:89,12,0,4
BRDA:94,13,0,1
BRDA:100,14,0,36
BRDA:104,15,0,15
BRDA:109,16,0,1
BRDA:111,17,0,21
BRDA:112,18,0,12
BRDA:117,19,0,30
BRDA:117,20,0,9
BRDA:122,21,0,8
BRDA:124,22,0,9
BRDA:78,23,0,4
BRDA:81,24,0,1
BRDA:81,25,0,1
BRDA:136,26,0,1
BRDA:140,27,0,0
BRDA:159,28,0,3
BRDA:162,29,0,0
BRDA:167,30,0,2
BRDA:179,31,0,500016
BRDA:184,32,0,500007
BRDA:185,33,0,13
BRDA:185,34,0,9
BRDA:190,35,0,10
BRDA:194,36,0,9
BRDA:208,37,0,3
BRDA:216,38,0,2
BRDA:218,39,0,3
BRDA:221,40,0,0
BRDA:233,41,0,3
BRDA:234,42,0,2
BRDA:236,43,0,1
BRF:44
BRH:41
end_of_record
TN:
SF:proxy.js
FN:1,RefProxyHandler
FN:5,get
FN:7,set
FN:14,has
FN:17,deleteProperty
FN:38,createRefProxy
FNF:6
FNH:5
FNDA:5,RefProxyHandler
FNDA:4,get
FNDA:500003,set
FNDA:0,has
FNDA:2,deleteProperty
FNDA:6,createRefProxy
DA:1,2
DA:2,5
DA:3,5
DA:4,2
DA:5,2
DA:6,4
DA:7,2
DA:8,500003
DA:9,500003
DA:10,500003
DA:11,500003
DA:12,500003
DA:13,500003
DA:14,2
DA:15,0
DA:16,2
DA:17,2
DA:18,2
DA:19,2
DA:20,2
DA:21,1
DA:22,1
DA:23,1
DA:24,1
DA:25,1
DA:26,2
DA:27,2
DA:28,2
DA:29,2
DA:30,2
DA:31,2
DA:32,2
DA:33,2
DA:34,2
DA:35,2
DA:36,2
DA:37,2
DA:38,2
DA:39,6
DA:40,6
DA:41,6
DA:42,6
DA:43,5
DA:44,5
DA:45,5
DA:46,5
DA:47,5
DA:48,5
DA:49,1
DA:50,1
DA:51,1
DA:52,1
DA:53,1
LF:53
LH:52
BRDA:1,0,0,2
BRDA:1,1,0,5
BRDA:5,2,0,4
BRDA:7,3,0,500003
BRDA:17,4,0,2
BRDA:20,5,0,1
BRDA:38,6,0,6
BRDA:40,7,0,0
BRDA:41,8,0,1
BRDA:42,9,0,5
BRF:10
BRH:9
end_of_record
