TN:
SF:index.js
FN:17,getRefMap
FN:35,whenRef
FN:46,whenNextRef
FN:57,whenRefUnset
FN:70,getRef
FN:80,agetter
FN:139,getNextRef
FN:161,getUnsetRef
FN:181,setRef
FN:210,unsetRef
FN:231,default
FN:246,getRef
FN:247,getNextRef
FN:257,listenRef
FN:259,refCallback
FN:284,getUnsetRef
FN:294,setRef
FN:309,unsetRef
FN:310,unsetAllRefs
FN:320,whenRef
FN:321,whenNextRef
FN:322,whenRefUnset
FN:323,createProxy
FNF:23
FNH:23
FNDA:500104,getRefMap
FNDA:2,whenRef
FNDA:1,whenNextRef
FNDA:3,whenRefUnset
FNDA:48,getRef
FNDA:4,agetter
FNDA:6,getNextRef
FNDA:5,getUnsetRef
FNDA:500023,setRef
FNDA:16,unsetRef
FNDA:3,default
FNDA:34,getRef
FNDA:2,getNextRef
FNDA:1,listenRef
FNDA:3,refCallback
FNDA:2,getUnsetRef
FNDA:500023,setRef
FNDA:4,unsetRef
FNDA:10,unsetAllRefs
FNDA:2,whenRef
FNDA:1,whenNextRef
FNDA:3,whenRefUnset
FNDA:1,createProxy
DA:1,2
DA:2,2
DA:3,2
DA:4,2
DA:5,2
DA:6,2
DA:7,2
DA:8,2
DA:9,2
DA:10,2
DA:11,2
DA:12,2
DA:13,2
DA:14,2
DA:15,2
DA:16,2
DA:17,2
DA:18,500104
DA:19,500102
DA:20,500102
DA:21,2
DA:22,2
DA:23,2
DA:24,2
DA:25,2
DA:26,2
DA:27,2
DA:28,2
DA:29,2
DA:30,2
DA:31,2
DA:32,2
DA:33,2
DA:34,2
DA:35,2
DA:36,2
DA:37,2
DA:38,2
DA:39,2
DA:40,2
DA:41,2
DA:42,2
DA:43,2
DA:44,2
DA:45,2
DA:46,2
DA:47,1
DA:48,2
DA:49,2
DA:50,2
DA:51,2
DA:52,2
DA:53,2
DA:54,2
DA:55,2
DA:56,2
DA:57,2
DA:58,3
DA:59,2
DA:60,2
DA:61,2
DA:62,2
DA:63,2
DA:64,2
DA:65,2
DA:66,2
DA:67,2
DA:68,2
DA:69,2
DA:70,2
DA:71,48
DA:72,48
DA:73,48
DA:74,48
DA:75,48
DA:76,48
DA:77,2
DA:78,2
DA:79,2
DA:80,2
DA:81,4
DA:82,4
DA:83,1
DA:84,1
DA:85,2
DA:86,2
DA:87,2
DA:88,8
DA:89,8
DA:90,4
DA:91,4
DA:92,4
DA:93,4
DA:94,4
DA:95,8
DA:96,2
DA:97,2
DA:98,1
DA:99,1
DA:100,1
DA:101,1
DA:102,1
DA:103,1
DA:104,1
DA:105,48
DA:106,48
DA:107,48
DA:108,20
DA:109,20
DA:110,20
DA:111,1
DA:112,1
DA:113,20
DA:114,20
DA:115,48
DA:116,48
DA:117,13
DA:118,13
DA:119,13
DA:120,13
DA:121,13
DA:122,13
DA:123,48
DA:124,11
DA:125,11
DA:126,40
DA:127,40
DA:128,2
DA:129,2
DA:130,2
DA:131,2
DA:132,2
DA:133,2
DA:134,2
DA:135,2
DA:136,2
DA:137,2
DA:138,2
DA:139,2
DA:140,6
DA:141,1
DA:142,1
DA:143,5
DA:144,5
DA:145,5
DA:146,6
DA:147,3
DA:148,3
DA:149,6
DA:150,2
DA:151,2
DA:152,2
DA:153,2
DA:154,2
DA:155,2
DA:156,2
DA:157,2
DA:158,2
DA:159,2
DA:160,2
DA:161,2
DA:162,5
DA:163,1
DA:164,1
DA:165,5
DA:166,5
DA:167,5
DA:168,5
DA:169,3
DA:170,3
DA:171,2
DA:172,2
DA:173,2
DA:174,2
DA:175,2
DA:176,2
DA:177,2
DA:178,2
DA:179,2
DA:180,2
DA:181,2
DA:182,500023
DA:183,500023
DA:184,500023
DA:185,500023
DA:186,500007
DA:187,500007
DA:188,500023
DA:189,500023
DA:190,500023
DA:191,500023
DA:192,18
DA:193,18
DA:194,18
DA:195,18
DA:196,16
DA:197,500023
DA:198,14
DA:199,14
DA:200,500023
DA:201,2
DA:202,2
DA:203,2
DA:204,2
DA:205,2
DA:206,2
DA:207,2
DA:208,2
DA:209,2
DA:210,2
DA:211,16
DA:212,16
DA:213,15
DA:214,15
DA:215,15
DA:216,15
DA:217,15
DA:218,3
DA:219,4
DA:220,4
DA:221,4
DA:222,4
DA:223,3
DA:224,15
DA:225,15
DA:226,16
DA:227,2
DA:228,2
DA:229,2
DA:230,2
DA:231,2
DA:232,3
DA:233,3
DA:234,3
DA:235,3
DA:236,3
DA:237,3
DA:238,3
DA:239,3
DA:240,3
DA:241,3
DA:242,3
DA:243,3
DA:244,3
DA:245,3
DA:246,3
DA:247,3
DA:248,3
DA:249,3
DA:250,3
DA:251,3
DA:252,3
DA:253,3
DA:254,3
DA:255,3
DA:256,3
DA:257,3
DA:258,1
DA:259,1
DA:260,3
DA:261,3
DA:262,1
DA:263,1
DA:264,3
DA:265,3
DA:266,3
DA:267,1
DA:268,1
DA:269,1
DA:270,1
DA:271,1
DA:272,1
DA:273,1
DA:274,3
DA:275,3
DA:276,3
DA:277,3
DA:278,3
DA:279,3
DA:280,3
DA:281,3
DA:282,3
DA:283,3
DA:284,3
DA:285,3
DA:286,3
DA:287,3
DA:288,3
DA:289,3
DA:290,3
DA:291,3
DA:292,3
DA:293,3
DA:294,3
DA:295,500023
DA:296,1
DA:297,1
DA:298,1
DA:299,1
DA:300,500023
DA:301,3
DA:302,3
DA:303,3
DA:304,3
DA:305,3
DA:306,3
DA:307,3
DA:308,3
DA:309,3
DA:310,3
DA:311,10
DA:312,10
DA:313,10
DA:314,10
DA:315,11
DA:316,11
DA:317,10
DA:318,10
DA:319,3
DA:320,3
DA:321,3
DA:322,3
DA:323,3
DA:324,3
DA:325,3
DA:326,3
DA:327,3
DA:328,3
DA:329,2
LF:329
LH:329
BRDA:1,0,0,2
BRDA:17,1,0,500104
BRDA:18,2,0,500102
BRDA:21,3,0,2
BRDA:35,4,0,2
BRDA:35,5,0,2
BRDA:46,6,0,1
BRDA:46,7,0,1
BRDA:57,8,0,3
BRDA:57,9,0,3
BRDA:70,10,0,48
BRDA:76,11,0,2
BRDA:87,12,0,8
BRDA:89,13,0,4
BRDA:89,14,0,4
BRDA:97,15,0,1
BRDA:107,16,0,20
BRDA:110,17,0,1
BRDA:116,18,0,13
BRDA:123,19,0,2
BRDA:123,20,0,40
BRDA:123,21,0,11
BRDA:80,22,0,4
BRDA:82,23,0,1
BRDA:82,24,0,1
BRDA:139,25,0,6
BRDA:140,26,0,5
BRDA:140,27,0,1
BRDA:143,28,0,5
BRDA:146,29,0,2
BRDA:146,30,0,3
BRDA:161,31,0,5
BRDA:162,32,0,4
BRDA:162,33,0,1
BRDA:168,34,0,1
BRDA:168,35,0,3
BRDA:181,36,0,500023
BRDA:185,37,0,500007
BRDA:191,38,0,18
BRDA:196,39,0,16
BRDA:197,40,0,14
BRDA:210,41,0,16
BRDA:212,42,0,15
BRDA:217,43,0,3
BRDA:218,44,0,4
BRDA:231,45,0,3
BRDA:326,46,0,1
BRDA:246,47,0,34
BRDA:247,48,0,2
BRDA:257,49,0,1
BRDA:259,50,0,3
BRDA:261,51,0,1
BRDA:271,52,0,1
BRDA:284,53,0,2
BRDA:294,54,0,500023
BRDA:295,55,0,1
BRDA:295,56,0,1
BRDA:296,57,0,1
BRDA:309,58,0,4
BRDA:310,59,0,10
BRDA:314,60,0,11
BRDA:320,61,0,2
BRDA:321,62,0,1
BRDA:322,63,0,3
BRDA:323,64,0,1
BRF:65
BRH:65
end_of_record
TN:
SF:proxy.js
FN:4,RefProxyHandler
FN:8,get
FN:12,set
FN:17,has
FN:21,deleteProperty
FN:38,createRefProxy
FNF:6
FNH:5
FNDA:6,RefProxyHandler
FNDA:4,get
FNDA:500004,set
FNDA:0,has
FNDA:2,deleteProperty
FNDA:7,createRefProxy
DA:1,2
DA:2,2
DA:3,2
DA:4,2
DA:5,6
DA:6,6
DA:7,2
DA:8,2
DA:9,4
DA:10,4
DA:11,2
DA:12,2
DA:13,500004
DA:14,500004
DA:15,500004
DA:16,2
DA:17,2
DA:18,0
DA:19,0
DA:20,2
DA:21,2
DA:22,2
DA:23,1
DA:24,1
DA:25,1
DA:26,1
DA:27,1
DA:28,2
DA:29,2
DA:30,2
DA:31,2
DA:32,2
DA:33,2
DA:34,2
DA:35,2
DA:36,2
DA:37,2
DA:38,2
DA:39,7
DA:40,3
DA:41,3
DA:42,7
DA:43,7
DA:44,1
DA:45,1
DA:46,7
DA:47,7
DA:48,7
DA:49,7
DA:50,7
DA:51,2
LF:51
LH:49
BRDA:1,0,0,2
BRDA:4,1,0,6
BRDA:8,2,0,4
BRDA:12,3,0,500004
BRDA:21,4,0,2
BRDA:22,5,0,1
BRDA:38,6,0,7
BRDA:39,7,0,3
BRDA:43,8,0,1
BRF:9
BRH:9
end_of_record
